{"C:\\Users\\ADMIN\\Documents\\Coding\\revou third assignment 2\\milestone-3-vincentsim01\\src\\app\\component\\addToCartButton.tsx": {"path":"C:\\Users\\ADMIN\\Documents\\Coding\\revou third assignment 2\\milestone-3-vincentsim01\\src\\app\\component\\addToCartButton.tsx","statementMap":{"0":{"start":{"line":18,"column":24},"end":{"line":18,"column":40}},"1":{"start":{"line":3,"column":18},"end":{"line":3,"column":null}},"2":{"start":{"line":4,"column":24},"end":{"line":4,"column":null}},"3":{"start":{"line":19,"column":24},"end":{"line":19,"column":null}},"4":{"start":{"line":20,"column":26},"end":{"line":41,"column":null}},"5":{"start":{"line":22,"column":25},"end":{"line":22,"column":null}},"6":{"start":{"line":25,"column":23},"end":{"line":25,"column":null}},"7":{"start":{"line":25,"column":60},"end":{"line":25,"column":82}},"8":{"start":{"line":27,"column":4},"end":{"line":30,"column":null}},"9":{"start":{"line":28,"column":6},"end":{"line":28,"column":null}},"10":{"start":{"line":29,"column":6},"end":{"line":29,"column":null}},"11":{"start":{"line":32,"column":4},"end":{"line":32,"column":null}},"12":{"start":{"line":35,"column":24},"end":{"line":35,"column":null}},"13":{"start":{"line":38,"column":4},"end":{"line":38,"column":null}},"14":{"start":{"line":40,"column":4},"end":{"line":40,"column":null}}},"fnMap":{"0":{"name":"AddToCartButton","decl":{"start":{"line":18,"column":24},"end":{"line":18,"column":40}},"loc":{"start":{"line":18,"column":58},"end":{"line":51,"column":null}}},"1":{"name":"(anonymous_3)","decl":{"start":{"line":20,"column":26},"end":{"line":20,"column":null}},"loc":{"start":{"line":20,"column":26},"end":{"line":41,"column":null}}},"2":{"name":"(anonymous_4)","decl":{"start":{"line":25,"column":41},"end":{"line":25,"column":42}},"loc":{"start":{"line":25,"column":60},"end":{"line":25,"column":82}}}},"branchMap":{"0":{"loc":{"start":{"line":22,"column":36},"end":{"line":22,"column":null}},"type":"binary-expr","locations":[{"start":{"line":22,"column":36},"end":{"line":22,"column":68}},{"start":{"line":22,"column":68},"end":{"line":22,"column":null}}]},"1":{"loc":{"start":{"line":27,"column":4},"end":{"line":30,"column":null}},"type":"if","locations":[{"start":{"line":27,"column":4},"end":{"line":30,"column":null}},{"start":{},"end":{}}]}},"s":{"0":2,"1":2,"2":2,"3":2,"4":2,"5":0,"6":0,"7":0,"8":0,"9":0,"10":0,"11":0,"12":0,"13":0,"14":0},"f":{"0":2,"1":0,"2":0},"b":{"0":[0,0],"1":[0,0]}}
,"C:\\Users\\ADMIN\\Documents\\Coding\\revou third assignment 2\\milestone-3-vincentsim01\\src\\app\\component\\banner.tsx": {"path":"C:\\Users\\ADMIN\\Documents\\Coding\\revou third assignment 2\\milestone-3-vincentsim01\\src\\app\\component\\banner.tsx","statementMap":{"0":{"start":{"line":20,"column":0},"end":{"line":20,"column":15}},"1":{"start":{"line":3,"column":18},"end":{"line":3,"column":null}},"2":{"start":{"line":4,"column":17},"end":{"line":4,"column":null}},"3":{"start":{"line":6,"column":15},"end":{"line":18,"column":null}},"4":{"start":{"line":20,"column":15},"end":{"line":20,"column":null}}},"fnMap":{"0":{"name":"(anonymous_2)","decl":{"start":{"line":6,"column":15},"end":{"line":6,"column":null}},"loc":{"start":{"line":6,"column":15},"end":{"line":18,"column":null}}}},"branchMap":{},"s":{"0":1,"1":1,"2":1,"3":1,"4":1},"f":{"0":1},"b":{}}
,"C:\\Users\\ADMIN\\Documents\\Coding\\revou third assignment 2\\milestone-3-vincentsim01\\src\\app\\component\\productCard.tsx": {"path":"C:\\Users\\ADMIN\\Documents\\Coding\\revou third assignment 2\\milestone-3-vincentsim01\\src\\app\\component\\productCard.tsx","statementMap":{"0":{"start":{"line":17,"column":24},"end":{"line":17,"column":36}},"1":{"start":{"line":3,"column":17},"end":{"line":3,"column":null}},"2":{"start":{"line":4,"column":18},"end":{"line":4,"column":null}},"3":{"start":{"line":5,"column":28},"end":{"line":5,"column":null}},"4":{"start":{"line":6,"column":23},"end":{"line":6,"column":null}},"5":{"start":{"line":7,"column":24},"end":{"line":7,"column":null}},"6":{"start":{"line":18,"column":26},"end":{"line":18,"column":null}},"7":{"start":{"line":21,"column":36},"end":{"line":21,"column":null}},"8":{"start":{"line":23,"column":8},"end":{"line":27,"column":null}},"9":{"start":{"line":24,"column":12},"end":{"line":24,"column":null}},"10":{"start":{"line":26,"column":12},"end":{"line":26,"column":null}},"11":{"start":{"line":31,"column":8},"end":{"line":35,"column":null}},"12":{"start":{"line":32,"column":12},"end":{"line":32,"column":null}},"13":{"start":{"line":34,"column":12},"end":{"line":34,"column":null}},"14":{"start":{"line":39,"column":25},"end":{"line":43,"column":null}},"15":{"start":{"line":40,"column":8},"end":{"line":42,"column":null}},"16":{"start":{"line":41,"column":12},"end":{"line":41,"column":null}},"17":{"start":{"line":61,"column":29},"end":{"line":61,"column":null}}},"fnMap":{"0":{"name":"ProductCard","decl":{"start":{"line":17,"column":24},"end":{"line":17,"column":36}},"loc":{"start":{"line":17,"column":94},"end":{"line":108,"column":null}}},"1":{"name":"nextImgIndex","decl":{"start":{"line":22,"column":13},"end":{"line":22,"column":null}},"loc":{"start":{"line":22,"column":13},"end":{"line":29,"column":null}}},"2":{"name":"prevImgIndex","decl":{"start":{"line":30,"column":13},"end":{"line":30,"column":null}},"loc":{"start":{"line":30,"column":13},"end":{"line":37,"column":null}}},"3":{"name":"(anonymous_5)","decl":{"start":{"line":39,"column":25},"end":{"line":39,"column":null}},"loc":{"start":{"line":39,"column":25},"end":{"line":43,"column":null}}},"4":{"name":"(anonymous_6)","decl":{"start":{"line":60,"column":24},"end":{"line":60,"column":25}},"loc":{"start":{"line":60,"column":25},"end":{"line":62,"column":null}}}},"branchMap":{"0":{"loc":{"start":{"line":17,"column":56},"end":{"line":17,"column":75}},"type":"default-arg","locations":[{"start":{"line":17,"column":70},"end":{"line":17,"column":75}}]},"1":{"loc":{"start":{"line":23,"column":8},"end":{"line":27,"column":null}},"type":"if","locations":[{"start":{"line":23,"column":8},"end":{"line":27,"column":null}},{"start":{"line":25,"column":13},"end":{"line":27,"column":null}}]},"2":{"loc":{"start":{"line":31,"column":8},"end":{"line":35,"column":null}},"type":"if","locations":[{"start":{"line":31,"column":8},"end":{"line":35,"column":null}},{"start":{"line":33,"column":13},"end":{"line":35,"column":null}}]},"3":{"loc":{"start":{"line":40,"column":8},"end":{"line":42,"column":null}},"type":"if","locations":[{"start":{"line":40,"column":8},"end":{"line":42,"column":null}},{"start":{},"end":{}}]},"4":{"loc":{"start":{"line":77,"column":24},"end":{"line":79,"column":35}},"type":"cond-expr","locations":[{"start":{"line":77,"column":24},"end":{"line":79,"column":35}}]},"5":{"loc":{"start":{"line":83,"column":25},"end":{"line":96,"column":null}},"type":"cond-expr","locations":[{"start":{"line":84,"column":28},"end":{"line":96,"column":null}},{"start":{"line":96,"column":36},"end":{"line":96,"column":null}}]}},"s":{"0":3,"1":2,"2":2,"3":2,"4":2,"5":2,"6":3,"7":3,"8":0,"9":0,"10":0,"11":0,"12":0,"13":0,"14":3,"15":0,"16":0,"17":0},"f":{"0":3,"1":0,"2":0,"3":0,"4":0},"b":{"0":[2],"1":[0,0],"2":[0,0],"3":[0,0],"4":[1],"5":[1,2]}}
,"C:\\Users\\ADMIN\\Documents\\Coding\\revou third assignment 2\\milestone-3-vincentsim01\\src\\app\\component\\productForm.tsx": {"path":"C:\\Users\\ADMIN\\Documents\\Coding\\revou third assignment 2\\milestone-3-vincentsim01\\src\\app\\component\\productForm.tsx","statementMap":{"0":{"start":{"line":13,"column":24},"end":{"line":13,"column":36}},"1":{"start":{"line":2,"column":25},"end":{"line":2,"column":null}},"2":{"start":{"line":3,"column":24},"end":{"line":3,"column":null}},"3":{"start":{"line":5,"column":45},"end":{"line":5,"column":null}},"4":{"start":{"line":19,"column":6},"end":{"line":27,"column":null}},"5":{"start":{"line":29,"column":32},"end":{"line":29,"column":null}},"6":{"start":{"line":30,"column":28},"end":{"line":30,"column":null}},"7":{"start":{"line":31,"column":46},"end":{"line":31,"column":null}},"8":{"start":{"line":35,"column":19},"end":{"line":65,"column":null}},"9":{"start":{"line":36,"column":4},"end":{"line":64,"column":null}},"10":{"start":{"line":37,"column":6},"end":{"line":37,"column":null}},"11":{"start":{"line":38,"column":6},"end":{"line":38,"column":null}},"12":{"start":{"line":40,"column":26},"end":{"line":45,"column":null}},"13":{"start":{"line":49,"column":6},"end":{"line":56,"column":null}},"14":{"start":{"line":50,"column":8},"end":{"line":50,"column":null}},"15":{"start":{"line":51,"column":8},"end":{"line":51,"column":null}},"16":{"start":{"line":53,"column":8},"end":{"line":53,"column":null}},"17":{"start":{"line":54,"column":8},"end":{"line":54,"column":null}},"18":{"start":{"line":55,"column":8},"end":{"line":55,"column":null}},"19":{"start":{"line":58,"column":6},"end":{"line":58,"column":null}},"20":{"start":{"line":60,"column":6},"end":{"line":60,"column":null}},"21":{"start":{"line":61,"column":6},"end":{"line":61,"column":null}},"22":{"start":{"line":63,"column":6},"end":{"line":63,"column":null}}},"fnMap":{"0":{"name":"ProductForm","decl":{"start":{"line":13,"column":24},"end":{"line":13,"column":36}},"loc":{"start":{"line":13,"column":86},"end":{"line":167,"column":null}}},"1":{"name":"(anonymous_2)","decl":{"start":{"line":35,"column":19},"end":{"line":35,"column":26}},"loc":{"start":{"line":35,"column":26},"end":{"line":65,"column":null}}}},"branchMap":{"0":{"loc":{"start":{"line":21,"column":15},"end":{"line":21,"column":null}},"type":"binary-expr","locations":[{"start":{"line":21,"column":15},"end":{"line":21,"column":33}},{"start":{"line":21,"column":33},"end":{"line":21,"column":null}}]},"1":{"loc":{"start":{"line":22,"column":15},"end":{"line":22,"column":null}},"type":"binary-expr","locations":[{"start":{"line":22,"column":15},"end":{"line":22,"column":33}},{"start":{"line":22,"column":33},"end":{"line":22,"column":null}}]},"2":{"loc":{"start":{"line":23,"column":21},"end":{"line":23,"column":null}},"type":"binary-expr","locations":[{"start":{"line":23,"column":21},"end":{"line":23,"column":45}},{"start":{"line":23,"column":45},"end":{"line":23,"column":null}}]},"3":{"loc":{"start":{"line":24,"column":20},"end":{"line":24,"column":null}},"type":"binary-expr","locations":[{"start":{"line":24,"column":20},"end":{"line":24,"column":43}},{"start":{"line":24,"column":43},"end":{"line":24,"column":null}}]},"4":{"loc":{"start":{"line":41,"column":15},"end":{"line":41,"column":null}},"type":"binary-expr","locations":[{"start":{"line":41,"column":15},"end":{"line":41,"column":30}},{"start":{"line":41,"column":30},"end":{"line":41,"column":null}}]},"5":{"loc":{"start":{"line":42,"column":15},"end":{"line":42,"column":null}},"type":"binary-expr","locations":[{"start":{"line":42,"column":15},"end":{"line":42,"column":37}},{"start":{"line":42,"column":37},"end":{"line":42,"column":null}}]},"6":{"loc":{"start":{"line":43,"column":21},"end":{"line":43,"column":null}},"type":"binary-expr","locations":[{"start":{"line":43,"column":21},"end":{"line":43,"column":42}},{"start":{"line":43,"column":42},"end":{"line":43,"column":null}}]},"7":{"loc":{"start":{"line":44,"column":20},"end":{"line":44,"column":null}},"type":"binary-expr","locations":[{"start":{"line":44,"column":20},"end":{"line":44,"column":48}},{"start":{"line":44,"column":48},"end":{"line":44,"column":null}}]},"8":{"loc":{"start":{"line":49,"column":6},"end":{"line":56,"column":null}},"type":"if","locations":[{"start":{"line":49,"column":6},"end":{"line":56,"column":null}},{"start":{"line":52,"column":13},"end":{"line":56,"column":null}}]},"9":{"loc":{"start":{"line":60,"column":15},"end":{"line":60,"column":null}},"type":"cond-expr","locations":[{"start":{"line":60,"column":25},"end":{"line":60,"column":73}},{"start":{"line":60,"column":73},"end":{"line":60,"column":null}}]},"10":{"loc":{"start":{"line":70,"column":9},"end":{"line":70,"column":null}},"type":"cond-expr","locations":[{"start":{"line":70,"column":19},"end":{"line":70,"column":36}},{"start":{"line":70,"column":36},"end":{"line":70,"column":null}}]},"11":{"loc":{"start":{"line":73,"column":7},"end":{"line":73,"column":null}},"type":"binary-expr","locations":[{"start":{"line":73,"column":7},"end":{"line":73,"column":null}}]},"12":{"loc":{"start":{"line":76,"column":7},"end":{"line":76,"column":null}},"type":"binary-expr","locations":[{"start":{"line":76,"column":7},"end":{"line":76,"column":null}}]},"13":{"loc":{"start":{"line":93,"column":13},"end":{"line":93,"column":25}},"type":"binary-expr","locations":[{"start":{"line":93,"column":13},"end":{"line":93,"column":25}}]},"14":{"loc":{"start":{"line":108,"column":13},"end":{"line":108,"column":31}},"type":"binary-expr","locations":[{"start":{"line":108,"column":13},"end":{"line":108,"column":31}}]},"15":{"loc":{"start":{"line":124,"column":13},"end":{"line":124,"column":25}},"type":"binary-expr","locations":[{"start":{"line":124,"column":13},"end":{"line":124,"column":25}}]},"16":{"loc":{"start":{"line":142,"column":13},"end":{"line":142,"column":30}},"type":"binary-expr","locations":[{"start":{"line":142,"column":13},"end":{"line":142,"column":30}}]},"17":{"loc":{"start":{"line":146,"column":11},"end":{"line":146,"column":null}},"type":"binary-expr","locations":[{"start":{"line":146,"column":11},"end":{"line":146,"column":null}}]},"18":{"loc":{"start":{"line":158,"column":22},"end":{"line":158,"column":null}},"type":"binary-expr","locations":[{"start":{"line":158,"column":22},"end":{"line":158,"column":38}},{"start":{"line":158,"column":38},"end":{"line":158,"column":null}}]},"19":{"loc":{"start":{"line":161,"column":13},"end":{"line":161,"column":null}},"type":"cond-expr","locations":[{"start":{"line":161,"column":39},"end":{"line":161,"column":54}},{"start":{"line":161,"column":54},"end":{"line":161,"column":null}}]},"20":{"loc":{"start":{"line":161,"column":13},"end":{"line":161,"column":39}},"type":"binary-expr","locations":[{"start":{"line":161,"column":13},"end":{"line":161,"column":29}},{"start":{"line":161,"column":29},"end":{"line":161,"column":39}}]},"21":{"loc":{"start":{"line":161,"column":54},"end":{"line":161,"column":null}},"type":"cond-expr","locations":[{"start":{"line":161,"column":64},"end":{"line":161,"column":83}},{"start":{"line":161,"column":83},"end":{"line":161,"column":null}}]}},"s":{"0":2,"1":1,"2":1,"3":1,"4":8,"5":8,"6":8,"7":8,"8":8,"9":2,"10":2,"11":2,"12":2,"13":2,"14":0,"15":0,"16":2,"17":2,"18":2,"19":2,"20":0,"21":0,"22":2},"f":{"0":8,"1":2},"b":{"0":[8,8],"1":[8,8],"2":[8,8],"3":[8,8],"4":[2,1],"5":[2,1],"6":[2,1],"7":[2,1],"8":[0,2],"9":[0,0],"10":[0,8],"11":[8],"12":[8],"13":[8],"14":[8],"15":[8],"16":[8],"17":[8],"18":[8,6],"19":[2,6],"20":[8,6],"21":[0,6]}}
,"C:\\Users\\ADMIN\\Documents\\Coding\\revou third assignment 2\\milestone-3-vincentsim01\\src\\app\\component\\productList.tsx": {"path":"C:\\Users\\ADMIN\\Documents\\Coding\\revou third assignment 2\\milestone-3-vincentsim01\\src\\app\\component\\productList.tsx","statementMap":{"0":{"start":{"line":15,"column":24},"end":{"line":15,"column":null}},"1":{"start":{"line":2,"column":33},"end":{"line":2,"column":null}},"2":{"start":{"line":4,"column":43},"end":{"line":4,"column":null}},"3":{"start":{"line":6,"column":24},"end":{"line":6,"column":null}},"4":{"start":{"line":25,"column":40},"end":{"line":25,"column":null}},"5":{"start":{"line":26,"column":38},"end":{"line":26,"column":null}},"6":{"start":{"line":27,"column":34},"end":{"line":27,"column":null}},"7":{"start":{"line":28,"column":34},"end":{"line":28,"column":null}},"8":{"start":{"line":29,"column":22},"end":{"line":29,"column":null}},"9":{"start":{"line":31,"column":30},"end":{"line":44,"column":null}},"10":{"start":{"line":32,"column":12},"end":{"line":43,"column":null}},"11":{"start":{"line":33,"column":16},"end":{"line":33,"column":null}},"12":{"start":{"line":34,"column":16},"end":{"line":34,"column":null}},"13":{"start":{"line":35,"column":33},"end":{"line":35,"column":null}},"14":{"start":{"line":36,"column":16},"end":{"line":36,"column":null}},"15":{"start":{"line":39,"column":16},"end":{"line":39,"column":null}},"16":{"start":{"line":40,"column":16},"end":{"line":40,"column":null}},"17":{"start":{"line":42,"column":16},"end":{"line":42,"column":null}},"18":{"start":{"line":46,"column":8},"end":{"line":49,"column":null}},"19":{"start":{"line":47,"column":12},"end":{"line":47,"column":null}},"20":{"start":{"line":51,"column":8},"end":{"line":55,"column":null}},"21":{"start":{"line":52,"column":12},"end":{"line":54,"column":null}},"22":{"start":{"line":53,"column":16},"end":{"line":53,"column":null}},"23":{"start":{"line":59,"column":12},"end":{"line":59,"column":null}},"24":{"start":{"line":60,"column":12},"end":{"line":60,"column":null}},"25":{"start":{"line":64,"column":12},"end":{"line":70,"column":null}},"26":{"start":{"line":65,"column":16},"end":{"line":65,"column":null}},"27":{"start":{"line":66,"column":16},"end":{"line":66,"column":null}},"28":{"start":{"line":68,"column":16},"end":{"line":68,"column":null}},"29":{"start":{"line":69,"column":16},"end":{"line":69,"column":null}},"30":{"start":{"line":74,"column":29},"end":{"line":82,"column":null}},"31":{"start":{"line":75,"column":12},"end":{"line":81,"column":null}},"32":{"start":{"line":76,"column":16},"end":{"line":76,"column":null}},"33":{"start":{"line":77,"column":16},"end":{"line":77,"column":null}},"34":{"start":{"line":77,"column":55},"end":{"line":77,"column":null}},"35":{"start":{"line":79,"column":16},"end":{"line":79,"column":null}},"36":{"start":{"line":80,"column":16},"end":{"line":80,"column":null}},"37":{"start":{"line":85,"column":8},"end":{"line":92,"column":null}},"38":{"start":{"line":95,"column":8},"end":{"line":102,"column":null}},"39":{"start":{"line":104,"column":10},"end":{"line":113,"column":null}},"40":{"start":{"line":108,"column":43},"end":{"line":108,"column":61}},"41":{"start":{"line":115,"column":12},"end":{"line":115,"column":null}},"42":{"start":{"line":118,"column":46},"end":{"line":118,"column":null}},"43":{"start":{"line":120,"column":12},"end":{"line":120,"column":null}},"44":{"start":{"line":124,"column":12},"end":{"line":130,"column":null}},"45":{"start":{"line":133,"column":12},"end":{"line":139,"column":null}},"46":{"start":{"line":159,"column":24},"end":{"line":160,"column":51}}},"fnMap":{"0":{"name":"ProductList","decl":{"start":{"line":15,"column":24},"end":{"line":15,"column":null}},"loc":{"start":{"line":21,"column":22},"end":{"line":189,"column":null}}},"1":{"name":"(anonymous_6)","decl":{"start":{"line":31,"column":30},"end":{"line":31,"column":37}},"loc":{"start":{"line":31,"column":37},"end":{"line":44,"column":null}}},"2":{"name":"(anonymous_7)","decl":{"start":{"line":46,"column":18},"end":{"line":46,"column":null}},"loc":{"start":{"line":46,"column":18},"end":{"line":49,"column":10}}},"3":{"name":"(anonymous_8)","decl":{"start":{"line":51,"column":18},"end":{"line":51,"column":null}},"loc":{"start":{"line":51,"column":18},"end":{"line":55,"column":10}}},"4":{"name":"nextTwelve","decl":{"start":{"line":58,"column":23},"end":{"line":58,"column":null}},"loc":{"start":{"line":58,"column":23},"end":{"line":61,"column":null}}},"5":{"name":"previousTwelve","decl":{"start":{"line":63,"column":23},"end":{"line":63,"column":null}},"loc":{"start":{"line":63,"column":23},"end":{"line":72,"column":null}}},"6":{"name":"(anonymous_11)","decl":{"start":{"line":74,"column":29},"end":{"line":74,"column":36}},"loc":{"start":{"line":74,"column":36},"end":{"line":82,"column":null}}},"7":{"name":"(anonymous_12)","decl":{"start":{"line":77,"column":44},"end":{"line":77,"column":55}},"loc":{"start":{"line":77,"column":55},"end":{"line":77,"column":null}}},"8":{"name":"(anonymous_13)","decl":{"start":{"line":108,"column":37},"end":{"line":108,"column":43}},"loc":{"start":{"line":108,"column":43},"end":{"line":108,"column":61}}},"9":{"name":"(anonymous_14)","decl":{"start":{"line":158,"column":41},"end":{"line":158,"column":42}},"loc":{"start":{"line":158,"column":42},"end":{"line":171,"column":null}}}},"branchMap":{"0":{"loc":{"start":{"line":17,"column":8},"end":{"line":17,"column":27}},"type":"default-arg","locations":[{"start":{"line":17,"column":22},"end":{"line":17,"column":27}}]},"1":{"loc":{"start":{"line":18,"column":8},"end":{"line":18,"column":28}},"type":"default-arg","locations":[{"start":{"line":18,"column":24},"end":{"line":18,"column":28}}]},"2":{"loc":{"start":{"line":19,"column":8},"end":{"line":19,"column":27}},"type":"default-arg","locations":[{"start":{"line":19,"column":22},"end":{"line":19,"column":27}}]},"3":{"loc":{"start":{"line":20,"column":9},"end":{"line":20,"column":25}},"type":"default-arg","locations":[{"start":{"line":20,"column":23},"end":{"line":20,"column":25}}]},"4":{"loc":{"start":{"line":52,"column":12},"end":{"line":54,"column":null}},"type":"if","locations":[{"start":{"line":52,"column":12},"end":{"line":54,"column":null}},{"start":{},"end":{}}]},"5":{"loc":{"start":{"line":64,"column":12},"end":{"line":70,"column":null}},"type":"if","locations":[{"start":{"line":64,"column":12},"end":{"line":70,"column":null}},{"start":{"line":67,"column":17},"end":{"line":70,"column":null}}]},"6":{"loc":{"start":{"line":85,"column":8},"end":{"line":92,"column":null}},"type":"if","locations":[{"start":{"line":85,"column":8},"end":{"line":92,"column":null}},{"start":{},"end":{}}]},"7":{"loc":{"start":{"line":95,"column":8},"end":{"line":102,"column":null}},"type":"if","locations":[{"start":{"line":95,"column":8},"end":{"line":102,"column":null}},{"start":{},"end":{}}]},"8":{"loc":{"start":{"line":104,"column":10},"end":{"line":113,"column":null}},"type":"if","locations":[{"start":{"line":104,"column":10},"end":{"line":113,"column":null}},{"start":{},"end":{}}]},"9":{"loc":{"start":{"line":118,"column":46},"end":{"line":118,"column":null}},"type":"cond-expr","locations":[{"start":{"line":118,"column":91},"end":{"line":118,"column":107}},{"start":{"line":118,"column":107},"end":{"line":118,"column":null}}]},"10":{"loc":{"start":{"line":118,"column":46},"end":{"line":118,"column":91}},"type":"binary-expr","locations":[{"start":{"line":118,"column":46},"end":{"line":118,"column":63}},{"start":{"line":118,"column":63},"end":{"line":118,"column":91}}]},"11":{"loc":{"start":{"line":124,"column":12},"end":{"line":130,"column":null}},"type":"if","locations":[{"start":{"line":124,"column":12},"end":{"line":130,"column":null}},{"start":{},"end":{}}]},"12":{"loc":{"start":{"line":133,"column":12},"end":{"line":139,"column":null}},"type":"if","locations":[{"start":{"line":133,"column":12},"end":{"line":139,"column":null}},{"start":{},"end":{}}]},"13":{"loc":{"start":{"line":133,"column":16},"end":{"line":133,"column":52}},"type":"binary-expr","locations":[{"start":{"line":133,"column":16},"end":{"line":133,"column":46}},{"start":{"line":133,"column":46},"end":{"line":133,"column":52}}]}},"s":{"0":6,"1":1,"2":1,"3":1,"4":9,"5":9,"6":9,"7":9,"8":9,"9":9,"10":3,"11":3,"12":3,"13":3,"14":0,"15":0,"16":0,"17":0,"18":9,"19":3,"20":9,"21":6,"22":6,"23":0,"24":0,"25":0,"26":0,"27":0,"28":0,"29":0,"30":9,"31":0,"32":0,"33":0,"34":0,"35":0,"36":0,"37":9,"38":9,"39":6,"40":0,"41":6,"42":6,"43":6,"44":6,"45":6,"46":0},"f":{"0":9,"1":3,"2":3,"3":6,"4":0,"5":0,"6":0,"7":0,"8":0,"9":0},"b":{"0":[0],"1":[0],"2":[0],"3":[0],"4":[6,0],"5":[0,0],"6":[0,9],"7":[3,6],"8":[0,6],"9":[0,6],"10":[6,6],"11":[0,6],"12":[6,0],"13":[6,0]}}
,"C:\\Users\\ADMIN\\Documents\\Coding\\revou third assignment 2\\milestone-3-vincentsim01\\src\\app\\context\\AuthContext.tsx": {"path":"C:\\Users\\ADMIN\\Documents\\Coding\\revou third assignment 2\\milestone-3-vincentsim01\\src\\app\\context\\AuthContext.tsx","statementMap":{"0":{"start":{"line":52,"column":16},"end":{"line":52,"column":29}},"1":{"start":{"line":182,"column":16},"end":{"line":182,"column":null}},"2":{"start":{"line":4,"column":81},"end":{"line":4,"column":null}},"3":{"start":{"line":5,"column":39},"end":{"line":5,"column":null}},"4":{"start":{"line":27,"column":20},"end":{"line":27,"column":null}},"5":{"start":{"line":34,"column":18},"end":{"line":40,"column":null}},"6":{"start":{"line":35,"column":2},"end":{"line":35,"column":null}},"7":{"start":{"line":35,"column":39},"end":{"line":35,"column":null}},"8":{"start":{"line":36,"column":2},"end":{"line":39,"column":null}},"9":{"start":{"line":38,"column":17},"end":{"line":38,"column":null}},"10":{"start":{"line":42,"column":21},"end":{"line":45,"column":null}},"11":{"start":{"line":43,"column":2},"end":{"line":43,"column":null}},"12":{"start":{"line":43,"column":39},"end":{"line":43,"column":null}},"13":{"start":{"line":44,"column":2},"end":{"line":44,"column":null}},"14":{"start":{"line":47,"column":20},"end":{"line":50,"column":null}},"15":{"start":{"line":49,"column":2},"end":{"line":49,"column":null}},"16":{"start":{"line":53,"column":26},"end":{"line":53,"column":null}},"17":{"start":{"line":54,"column":36},"end":{"line":54,"column":null}},"18":{"start":{"line":55,"column":48},"end":{"line":55,"column":null}},"19":{"start":{"line":56,"column":34},"end":{"line":56,"column":null}},"20":{"start":{"line":57,"column":17},"end":{"line":57,"column":null}},"21":{"start":{"line":58,"column":19},"end":{"line":58,"column":null}},"22":{"start":{"line":61,"column":20},"end":{"line":115,"column":null}},"23":{"start":{"line":62,"column":4},"end":{"line":62,"column":null}},"24":{"start":{"line":64,"column":18},"end":{"line":64,"column":null}},"25":{"start":{"line":65,"column":18},"end":{"line":65,"column":null}},"26":{"start":{"line":67,"column":4},"end":{"line":67,"column":null}},"27":{"start":{"line":68,"column":4},"end":{"line":68,"column":null}},"28":{"start":{"line":70,"column":4},"end":{"line":77,"column":null}},"29":{"start":{"line":71,"column":6},"end":{"line":71,"column":null}},"30":{"start":{"line":72,"column":6},"end":{"line":72,"column":null}},"31":{"start":{"line":73,"column":6},"end":{"line":73,"column":null}},"32":{"start":{"line":74,"column":6},"end":{"line":74,"column":null}},"33":{"start":{"line":75,"column":6},"end":{"line":75,"column":null}},"34":{"start":{"line":76,"column":6},"end":{"line":76,"column":null}},"35":{"start":{"line":79,"column":4},"end":{"line":114,"column":null}},"36":{"start":{"line":80,"column":29},"end":{"line":80,"column":null}},"37":{"start":{"line":81,"column":6},"end":{"line":101,"column":null}},"38":{"start":{"line":82,"column":25},"end":{"line":82,"column":null}},"39":{"start":{"line":83,"column":21},"end":{"line":83,"column":null}},"40":{"start":{"line":85,"column":8},"end":{"line":85,"column":null}},"41":{"start":{"line":86,"column":8},"end":{"line":86,"column":null}},"42":{"start":{"line":87,"column":8},"end":{"line":87,"column":null}},"43":{"start":{"line":89,"column":8},"end":{"line":89,"column":null}},"44":{"start":{"line":90,"column":8},"end":{"line":90,"column":null}},"45":{"start":{"line":91,"column":8},"end":{"line":91,"column":null}},"46":{"start":{"line":93,"column":8},"end":{"line":93,"column":null}},"47":{"start":{"line":94,"column":8},"end":{"line":94,"column":null}},"48":{"start":{"line":95,"column":8},"end":{"line":95,"column":null}},"49":{"start":{"line":96,"column":8},"end":{"line":96,"column":null}},"50":{"start":{"line":97,"column":8},"end":{"line":97,"column":null}},"51":{"start":{"line":98,"column":8},"end":{"line":98,"column":null}},"52":{"start":{"line":99,"column":8},"end":{"line":99,"column":null}},"53":{"start":{"line":100,"column":8},"end":{"line":100,"column":null}},"54":{"start":{"line":103,"column":6},"end":{"line":103,"column":null}},"55":{"start":{"line":104,"column":6},"end":{"line":104,"column":null}},"56":{"start":{"line":105,"column":6},"end":{"line":105,"column":null}},"57":{"start":{"line":106,"column":6},"end":{"line":106,"column":null}},"58":{"start":{"line":107,"column":6},"end":{"line":107,"column":null}},"59":{"start":{"line":108,"column":6},"end":{"line":108,"column":null}},"60":{"start":{"line":109,"column":6},"end":{"line":109,"column":null}},"61":{"start":{"line":110,"column":6},"end":{"line":110,"column":null}},"62":{"start":{"line":112,"column":6},"end":{"line":112,"column":null}},"63":{"start":{"line":113,"column":6},"end":{"line":113,"column":null}},"64":{"start":{"line":118,"column":2},"end":{"line":120,"column":null}},"65":{"start":{"line":119,"column":4},"end":{"line":119,"column":null}},"66":{"start":{"line":123,"column":2},"end":{"line":131,"column":null}},"67":{"start":{"line":124,"column":4},"end":{"line":130,"column":null}},"68":{"start":{"line":125,"column":6},"end":{"line":125,"column":null}},"69":{"start":{"line":127,"column":6},"end":{"line":129,"column":null}},"70":{"start":{"line":128,"column":8},"end":{"line":128,"column":null}},"71":{"start":{"line":133,"column":17},"end":{"line":144,"column":null}},"72":{"start":{"line":134,"column":4},"end":{"line":134,"column":null}},"73":{"start":{"line":135,"column":4},"end":{"line":135,"column":null}},"74":{"start":{"line":136,"column":4},"end":{"line":136,"column":null}},"75":{"start":{"line":137,"column":4},"end":{"line":137,"column":null}},"76":{"start":{"line":138,"column":4},"end":{"line":138,"column":null}},"77":{"start":{"line":139,"column":4},"end":{"line":139,"column":null}},"78":{"start":{"line":140,"column":4},"end":{"line":140,"column":null}},"79":{"start":{"line":141,"column":4},"end":{"line":141,"column":null}},"80":{"start":{"line":142,"column":4},"end":{"line":142,"column":null}},"81":{"start":{"line":143,"column":4},"end":{"line":143,"column":null}},"82":{"start":{"line":146,"column":22},"end":{"line":164,"column":null}},"83":{"start":{"line":147,"column":27},"end":{"line":147,"column":null}},"84":{"start":{"line":148,"column":18},"end":{"line":148,"column":null}},"85":{"start":{"line":150,"column":4},"end":{"line":163,"column":null}},"86":{"start":{"line":151,"column":6},"end":{"line":160,"column":null}},"87":{"start":{"line":152,"column":25},"end":{"line":152,"column":null}},"88":{"start":{"line":153,"column":8},"end":{"line":153,"column":null}},"89":{"start":{"line":154,"column":8},"end":{"line":154,"column":null}},"90":{"start":{"line":155,"column":8},"end":{"line":155,"column":null}},"91":{"start":{"line":156,"column":8},"end":{"line":156,"column":null}},"92":{"start":{"line":158,"column":8},"end":{"line":158,"column":null}},"93":{"start":{"line":159,"column":8},"end":{"line":159,"column":null}},"94":{"start":{"line":162,"column":6},"end":{"line":162,"column":null}},"95":{"start":{"line":166,"column":33},"end":{"line":173,"column":null}},"96":{"start":{"line":183,"column":18},"end":{"line":183,"column":null}},"97":{"start":{"line":184,"column":2},"end":{"line":186,"column":null}},"98":{"start":{"line":185,"column":4},"end":{"line":185,"column":null}},"99":{"start":{"line":187,"column":2},"end":{"line":187,"column":null}}},"fnMap":{"0":{"name":"(anonymous_6)","decl":{"start":{"line":34,"column":18},"end":{"line":34,"column":19}},"loc":{"start":{"line":34,"column":19},"end":{"line":40,"column":null}}},"1":{"name":"(anonymous_7)","decl":{"start":{"line":38,"column":10},"end":{"line":38,"column":17}},"loc":{"start":{"line":38,"column":17},"end":{"line":38,"column":null}}},"2":{"name":"(anonymous_8)","decl":{"start":{"line":42,"column":21},"end":{"line":42,"column":22}},"loc":{"start":{"line":42,"column":22},"end":{"line":45,"column":null}}},"3":{"name":"(anonymous_9)","decl":{"start":{"line":47,"column":20},"end":{"line":47,"column":21}},"loc":{"start":{"line":47,"column":21},"end":{"line":50,"column":null}}},"4":{"name":"AuthProvider","decl":{"start":{"line":52,"column":16},"end":{"line":52,"column":29}},"loc":{"start":{"line":52,"column":60},"end":{"line":180,"column":null}}},"5":{"name":"(anonymous_11)","decl":{"start":{"line":61,"column":20},"end":{"line":61,"column":null}},"loc":{"start":{"line":61,"column":20},"end":{"line":115,"column":null}}},"6":{"name":"(anonymous_12)","decl":{"start":{"line":118,"column":12},"end":{"line":118,"column":null}},"loc":{"start":{"line":118,"column":12},"end":{"line":120,"column":5}}},"7":{"name":"(anonymous_13)","decl":{"start":{"line":123,"column":12},"end":{"line":123,"column":null}},"loc":{"start":{"line":123,"column":12},"end":{"line":131,"column":5}}},"8":{"name":"(anonymous_14)","decl":{"start":{"line":127,"column":17},"end":{"line":127,"column":null}},"loc":{"start":{"line":127,"column":17},"end":{"line":129,"column":9}}},"9":{"name":"(anonymous_15)","decl":{"start":{"line":133,"column":17},"end":{"line":133,"column":null}},"loc":{"start":{"line":133,"column":17},"end":{"line":144,"column":null}}},"10":{"name":"(anonymous_16)","decl":{"start":{"line":146,"column":22},"end":{"line":146,"column":null}},"loc":{"start":{"line":146,"column":22},"end":{"line":164,"column":null}}},"11":{"name":"useAuth","decl":{"start":{"line":182,"column":16},"end":{"line":182,"column":null}},"loc":{"start":{"line":182,"column":16},"end":{"line":188,"column":null}}}},"branchMap":{"0":{"loc":{"start":{"line":35,"column":2},"end":{"line":35,"column":null}},"type":"if","locations":[{"start":{"line":35,"column":2},"end":{"line":35,"column":null}},{"start":{},"end":{}}]},"1":{"loc":{"start":{"line":36,"column":9},"end":{"line":39,"column":null}},"type":"binary-expr","locations":[{"start":{"line":36,"column":9},"end":{"line":39,"column":19}},{"start":{"line":39,"column":23},"end":{"line":39,"column":null}}]},"2":{"loc":{"start":{"line":43,"column":2},"end":{"line":43,"column":null}},"type":"if","locations":[{"start":{"line":43,"column":2},"end":{"line":43,"column":null}},{"start":{},"end":{}}]},"3":{"loc":{"start":{"line":49,"column":9},"end":{"line":49,"column":null}},"type":"cond-expr","locations":[{"start":{"line":49,"column":37},"end":{"line":49,"column":47}},{"start":{"line":49,"column":47},"end":{"line":49,"column":null}}]},"4":{"loc":{"start":{"line":67,"column":26},"end":{"line":67,"column":null}},"type":"cond-expr","locations":[{"start":{"line":67,"column":34},"end":{"line":67,"column":47}},{"start":{"line":67,"column":47},"end":{"line":67,"column":null}}]},"5":{"loc":{"start":{"line":68,"column":26},"end":{"line":68,"column":null}},"type":"binary-expr","locations":[{"start":{"line":68,"column":26},"end":{"line":68,"column":35}},{"start":{"line":68,"column":35},"end":{"line":68,"column":null}}]},"6":{"loc":{"start":{"line":70,"column":4},"end":{"line":77,"column":null}},"type":"if","locations":[{"start":{"line":70,"column":4},"end":{"line":77,"column":null}},{"start":{},"end":{}}]},"7":{"loc":{"start":{"line":70,"column":8},"end":{"line":70,"column":26}},"type":"binary-expr","locations":[{"start":{"line":70,"column":8},"end":{"line":70,"column":18}},{"start":{"line":70,"column":18},"end":{"line":70,"column":26}}]},"8":{"loc":{"start":{"line":81,"column":6},"end":{"line":101,"column":null}},"type":"if","locations":[{"start":{"line":81,"column":6},"end":{"line":101,"column":null}},{"start":{"line":92,"column":13},"end":{"line":101,"column":null}}]},"9":{"loc":{"start":{"line":124,"column":4},"end":{"line":130,"column":null}},"type":"if","locations":[{"start":{"line":124,"column":4},"end":{"line":130,"column":null}},{"start":{},"end":{}}]},"10":{"loc":{"start":{"line":150,"column":4},"end":{"line":163,"column":null}},"type":"if","locations":[{"start":{"line":150,"column":4},"end":{"line":163,"column":null}},{"start":{"line":161,"column":11},"end":{"line":163,"column":null}}]},"11":{"loc":{"start":{"line":150,"column":8},"end":{"line":150,"column":33}},"type":"binary-expr","locations":[{"start":{"line":150,"column":8},"end":{"line":150,"column":26}},{"start":{"line":150,"column":26},"end":{"line":150,"column":33}}]},"12":{"loc":{"start":{"line":184,"column":2},"end":{"line":186,"column":null}},"type":"if","locations":[{"start":{"line":184,"column":2},"end":{"line":186,"column":null}},{"start":{},"end":{}}]}},"s":{"0":1,"1":0,"2":1,"3":1,"4":1,"5":1,"6":2,"7":0,"8":2,"9":2,"10":1,"11":0,"12":0,"13":0,"14":1,"15":0,"16":2,"17":2,"18":2,"19":2,"20":2,"21":2,"22":2,"23":1,"24":1,"25":1,"26":1,"27":1,"28":1,"29":1,"30":1,"31":1,"32":1,"33":1,"34":1,"35":0,"36":0,"37":0,"38":0,"39":0,"40":0,"41":0,"42":0,"43":0,"44":0,"45":0,"46":0,"47":0,"48":0,"49":0,"50":0,"51":0,"52":0,"53":0,"54":0,"55":0,"56":0,"57":0,"58":0,"59":0,"60":0,"61":0,"62":0,"63":0,"64":2,"65":1,"66":2,"67":1,"68":1,"69":1,"70":0,"71":2,"72":0,"73":0,"74":0,"75":0,"76":0,"77":0,"78":0,"79":0,"80":0,"81":0,"82":2,"83":0,"84":0,"85":0,"86":0,"87":0,"88":0,"89":0,"90":0,"91":0,"92":0,"93":0,"94":0,"95":2,"96":0,"97":0,"98":0,"99":0},"f":{"0":2,"1":2,"2":0,"3":0,"4":2,"5":1,"6":1,"7":1,"8":0,"9":0,"10":0,"11":0},"b":{"0":[0,2],"1":[2,2],"2":[0,0],"3":[0,0],"4":[0,1],"5":[1,1],"6":[1,0],"7":[1,0],"8":[0,0],"9":[1,0],"10":[0,0],"11":[0,0],"12":[0,0]}}
,"C:\\Users\\ADMIN\\Documents\\Coding\\revou third assignment 2\\milestone-3-vincentsim01\\src\\app\\context\\CartContext.tsx": {"path":"C:\\Users\\ADMIN\\Documents\\Coding\\revou third assignment 2\\milestone-3-vincentsim01\\src\\app\\context\\CartContext.tsx","statementMap":{"0":{"start":{"line":24,"column":13},"end":{"line":24,"column":28}},"1":{"start":{"line":86,"column":13},"end":{"line":86,"column":23}},"2":{"start":{"line":2,"column":70},"end":{"line":2,"column":null}},"3":{"start":{"line":22,"column":20},"end":{"line":22,"column":null}},"4":{"start":{"line":24,"column":28},"end":{"line":84,"column":null}},"5":{"start":{"line":25,"column":26},"end":{"line":25,"column":null}},"6":{"start":{"line":28,"column":2},"end":{"line":33,"column":null}},"7":{"start":{"line":29,"column":23},"end":{"line":29,"column":null}},"8":{"start":{"line":30,"column":4},"end":{"line":32,"column":null}},"9":{"start":{"line":31,"column":6},"end":{"line":31,"column":null}},"10":{"start":{"line":36,"column":2},"end":{"line":38,"column":null}},"11":{"start":{"line":37,"column":4},"end":{"line":37,"column":null}},"12":{"start":{"line":40,"column":20},"end":{"line":54,"column":null}},"13":{"start":{"line":41,"column":4},"end":{"line":53,"column":null}},"14":{"start":{"line":42,"column":23},"end":{"line":42,"column":null}},"15":{"start":{"line":42,"column":43},"end":{"line":42,"column":65}},"16":{"start":{"line":43,"column":6},"end":{"line":52,"column":null}},"17":{"start":{"line":45,"column":8},"end":{"line":48,"column":null}},"18":{"start":{"line":46,"column":10},"end":{"line":48,"column":null}},"19":{"start":{"line":51,"column":8},"end":{"line":51,"column":null}},"20":{"start":{"line":56,"column":25},"end":{"line":58,"column":null}},"21":{"start":{"line":57,"column":4},"end":{"line":57,"column":null}},"22":{"start":{"line":57,"column":22},"end":{"line":57,"column":null}},"23":{"start":{"line":57,"column":44},"end":{"line":57,"column":null}},"24":{"start":{"line":60,"column":20},"end":{"line":62,"column":null}},"25":{"start":{"line":61,"column":4},"end":{"line":61,"column":null}},"26":{"start":{"line":64,"column":19},"end":{"line":69,"column":null}},"27":{"start":{"line":65,"column":4},"end":{"line":67,"column":null}},"28":{"start":{"line":66,"column":21},"end":{"line":66,"column":null}},"29":{"start":{"line":71,"column":24},"end":{"line":73,"column":null}},"30":{"start":{"line":72,"column":4},"end":{"line":72,"column":null}},"31":{"start":{"line":72,"column":38},"end":{"line":72,"column":66}},"32":{"start":{"line":75,"column":21},"end":{"line":75,"column":null}},"33":{"start":{"line":76,"column":2},"end":{"line":76,"column":null}},"34":{"start":{"line":86,"column":23},"end":{"line":92,"column":null}},"35":{"start":{"line":87,"column":18},"end":{"line":87,"column":null}},"36":{"start":{"line":88,"column":2},"end":{"line":90,"column":null}},"37":{"start":{"line":89,"column":4},"end":{"line":89,"column":null}},"38":{"start":{"line":91,"column":2},"end":{"line":91,"column":null}}},"fnMap":{"0":{"name":"(anonymous_6)","decl":{"start":{"line":24,"column":28},"end":{"line":24,"column":29}},"loc":{"start":{"line":24,"column":72},"end":{"line":84,"column":null}}},"1":{"name":"(anonymous_7)","decl":{"start":{"line":28,"column":12},"end":{"line":28,"column":null}},"loc":{"start":{"line":28,"column":12},"end":{"line":33,"column":5}}},"2":{"name":"(anonymous_8)","decl":{"start":{"line":36,"column":12},"end":{"line":36,"column":null}},"loc":{"start":{"line":36,"column":12},"end":{"line":38,"column":5}}},"3":{"name":"(anonymous_9)","decl":{"start":{"line":40,"column":20},"end":{"line":40,"column":21}},"loc":{"start":{"line":40,"column":21},"end":{"line":54,"column":null}}},"4":{"name":"(anonymous_10)","decl":{"start":{"line":41,"column":12},"end":{"line":41,"column":13}},"loc":{"start":{"line":41,"column":13},"end":{"line":53,"column":null}}},"5":{"name":"(anonymous_11)","decl":{"start":{"line":42,"column":33},"end":{"line":42,"column":34}},"loc":{"start":{"line":42,"column":43},"end":{"line":42,"column":65}}},"6":{"name":"(anonymous_12)","decl":{"start":{"line":45,"column":24},"end":{"line":45,"column":25}},"loc":{"start":{"line":46,"column":10},"end":{"line":48,"column":null}}},"7":{"name":"(anonymous_13)","decl":{"start":{"line":56,"column":25},"end":{"line":56,"column":26}},"loc":{"start":{"line":56,"column":26},"end":{"line":58,"column":null}}},"8":{"name":"(anonymous_14)","decl":{"start":{"line":57,"column":12},"end":{"line":57,"column":13}},"loc":{"start":{"line":57,"column":22},"end":{"line":57,"column":null}}},"9":{"name":"(anonymous_15)","decl":{"start":{"line":57,"column":34},"end":{"line":57,"column":35}},"loc":{"start":{"line":57,"column":44},"end":{"line":57,"column":null}}},"10":{"name":"(anonymous_16)","decl":{"start":{"line":60,"column":20},"end":{"line":60,"column":null}},"loc":{"start":{"line":60,"column":20},"end":{"line":62,"column":null}}},"11":{"name":"(anonymous_17)","decl":{"start":{"line":64,"column":19},"end":{"line":64,"column":null}},"loc":{"start":{"line":64,"column":19},"end":{"line":69,"column":null}}},"12":{"name":"(anonymous_18)","decl":{"start":{"line":66,"column":6},"end":{"line":66,"column":7}},"loc":{"start":{"line":66,"column":21},"end":{"line":66,"column":null}}},"13":{"name":"(anonymous_19)","decl":{"start":{"line":71,"column":24},"end":{"line":71,"column":null}},"loc":{"start":{"line":71,"column":24},"end":{"line":73,"column":null}}},"14":{"name":"(anonymous_20)","decl":{"start":{"line":72,"column":23},"end":{"line":72,"column":24}},"loc":{"start":{"line":72,"column":38},"end":{"line":72,"column":66}}},"15":{"name":"(anonymous_21)","decl":{"start":{"line":86,"column":23},"end":{"line":86,"column":null}},"loc":{"start":{"line":86,"column":23},"end":{"line":92,"column":null}}}},"branchMap":{"0":{"loc":{"start":{"line":30,"column":4},"end":{"line":32,"column":null}},"type":"if","locations":[{"start":{"line":30,"column":4},"end":{"line":32,"column":null}},{"start":{},"end":{}}]},"1":{"loc":{"start":{"line":43,"column":6},"end":{"line":52,"column":null}},"type":"if","locations":[{"start":{"line":43,"column":6},"end":{"line":52,"column":null}},{"start":{"line":50,"column":13},"end":{"line":52,"column":null}}]},"2":{"loc":{"start":{"line":46,"column":10},"end":{"line":48,"column":null}},"type":"cond-expr","locations":[{"start":{"line":47,"column":14},"end":{"line":47,"column":null}},{"start":{"line":48,"column":14},"end":{"line":48,"column":null}}]},"3":{"loc":{"start":{"line":47,"column":36},"end":{"line":47,"column":58}},"type":"binary-expr","locations":[{"start":{"line":47,"column":36},"end":{"line":47,"column":49}},{"start":{"line":47,"column":53},"end":{"line":47,"column":58}}]},"4":{"loc":{"start":{"line":66,"column":41},"end":{"line":66,"column":null}},"type":"binary-expr","locations":[{"start":{"line":66,"column":41},"end":{"line":66,"column":54}},{"start":{"line":66,"column":58},"end":{"line":66,"column":null}}]},"5":{"loc":{"start":{"line":72,"column":45},"end":{"line":72,"column":66}},"type":"binary-expr","locations":[{"start":{"line":72,"column":45},"end":{"line":72,"column":58}},{"start":{"line":72,"column":62},"end":{"line":72,"column":66}}]},"6":{"loc":{"start":{"line":88,"column":2},"end":{"line":90,"column":null}},"type":"if","locations":[{"start":{"line":88,"column":2},"end":{"line":90,"column":null}},{"start":{},"end":{}}]}},"s":{"0":0,"1":0,"2":1,"3":1,"4":1,"5":0,"6":0,"7":0,"8":0,"9":0,"10":0,"11":0,"12":0,"13":0,"14":0,"15":0,"16":0,"17":0,"18":0,"19":0,"20":0,"21":0,"22":0,"23":0,"24":0,"25":0,"26":0,"27":0,"28":0,"29":0,"30":0,"31":0,"32":0,"33":0,"34":1,"35":0,"36":0,"37":0,"38":0},"f":{"0":0,"1":0,"2":0,"3":0,"4":0,"5":0,"6":0,"7":0,"8":0,"9":0,"10":0,"11":0,"12":0,"13":0,"14":0,"15":0},"b":{"0":[0,0],"1":[0,0],"2":[0,0],"3":[0,0],"4":[0,0],"5":[0,0],"6":[0,0]}}
,"C:\\Users\\ADMIN\\Documents\\Coding\\revou third assignment 2\\milestone-3-vincentsim01\\src\\app\\lib\\api.ts": {"path":"C:\\Users\\ADMIN\\Documents\\Coding\\revou third assignment 2\\milestone-3-vincentsim01\\src\\app\\lib\\api.ts","statementMap":{"0":{"start":{"line":32,"column":22},"end":{"line":32,"column":36}},"1":{"start":{"line":76,"column":22},"end":{"line":76,"column":36}},"2":{"start":{"line":20,"column":22},"end":{"line":20,"column":33}},"3":{"start":{"line":8,"column":22},"end":{"line":8,"column":34}},"4":{"start":{"line":87,"column":22},"end":{"line":87,"column":37}},"5":{"start":{"line":56,"column":22},"end":{"line":56,"column":36}},"6":{"start":{"line":3,"column":18},"end":{"line":3,"column":null}},"7":{"start":{"line":5,"column":18},"end":{"line":5,"column":null}},"8":{"start":{"line":9,"column":4},"end":{"line":17,"column":null}},"9":{"start":{"line":10,"column":25},"end":{"line":10,"column":null}},"10":{"start":{"line":11,"column":8},"end":{"line":11,"column":null}},"11":{"start":{"line":14,"column":8},"end":{"line":14,"column":null}},"12":{"start":{"line":15,"column":8},"end":{"line":15,"column":null}},"13":{"start":{"line":21,"column":4},"end":{"line":29,"column":null}},"14":{"start":{"line":22,"column":25},"end":{"line":22,"column":null}},"15":{"start":{"line":23,"column":8},"end":{"line":23,"column":null}},"16":{"start":{"line":24,"column":8},"end":{"line":24,"column":null}},"17":{"start":{"line":26,"column":8},"end":{"line":26,"column":null}},"18":{"start":{"line":27,"column":8},"end":{"line":27,"column":null}},"19":{"start":{"line":33,"column":4},"end":{"line":51,"column":null}},"20":{"start":{"line":34,"column":28},"end":{"line":43,"column":null}},"21":{"start":{"line":45,"column":25},"end":{"line":45,"column":null}},"22":{"start":{"line":46,"column":8},"end":{"line":46,"column":null}},"23":{"start":{"line":49,"column":8},"end":{"line":49,"column":null}},"24":{"start":{"line":50,"column":8},"end":{"line":50,"column":null}},"25":{"start":{"line":57,"column":2},"end":{"line":73,"column":null}},"26":{"start":{"line":58,"column":24},"end":{"line":66,"column":null}},"27":{"start":{"line":68,"column":21},"end":{"line":68,"column":null}},"28":{"start":{"line":69,"column":4},"end":{"line":69,"column":null}},"29":{"start":{"line":71,"column":4},"end":{"line":71,"column":null}},"30":{"start":{"line":72,"column":4},"end":{"line":72,"column":null}},"31":{"start":{"line":77,"column":4},"end":{"line":84,"column":null}},"32":{"start":{"line":78,"column":8},"end":{"line":78,"column":null}},"33":{"start":{"line":79,"column":8},"end":{"line":79,"column":null}},"34":{"start":{"line":82,"column":8},"end":{"line":82,"column":null}},"35":{"start":{"line":83,"column":8},"end":{"line":83,"column":null}},"36":{"start":{"line":88,"column":4},"end":{"line":95,"column":null}},"37":{"start":{"line":89,"column":25},"end":{"line":89,"column":null}},"38":{"start":{"line":90,"column":8},"end":{"line":90,"column":null}},"39":{"start":{"line":93,"column":8},"end":{"line":93,"column":null}},"40":{"start":{"line":94,"column":8},"end":{"line":94,"column":null}}},"fnMap":{"0":{"name":"getProducts","decl":{"start":{"line":8,"column":22},"end":{"line":8,"column":34}},"loc":{"start":{"line":8,"column":48},"end":{"line":18,"column":null}}},"1":{"name":"getProduct","decl":{"start":{"line":20,"column":22},"end":{"line":20,"column":33}},"loc":{"start":{"line":20,"column":42},"end":{"line":30,"column":null}}},"2":{"name":"createProduct","decl":{"start":{"line":32,"column":22},"end":{"line":32,"column":36}},"loc":{"start":{"line":32,"column":56},"end":{"line":53,"column":null}}},"3":{"name":"updateProduct","decl":{"start":{"line":56,"column":22},"end":{"line":56,"column":36}},"loc":{"start":{"line":56,"column":78},"end":{"line":74,"column":null}}},"4":{"name":"deleteProduct","decl":{"start":{"line":76,"column":22},"end":{"line":76,"column":36}},"loc":{"start":{"line":76,"column":45},"end":{"line":85,"column":null}}},"5":{"name":"searchProducts","decl":{"start":{"line":87,"column":22},"end":{"line":87,"column":37}},"loc":{"start":{"line":87,"column":49},"end":{"line":96,"column":null}}}},"branchMap":{"0":{"loc":{"start":{"line":62,"column":16},"end":{"line":62,"column":null}},"type":"cond-expr","locations":[{"start":{"line":62,"column":29},"end":{"line":62,"column":50}},{"start":{"line":62,"column":50},"end":{"line":62,"column":null}}]},"1":{"loc":{"start":{"line":64,"column":20},"end":{"line":64,"column":null}},"type":"cond-expr","locations":[{"start":{"line":64,"column":38},"end":{"line":64,"column":64}},{"start":{"line":64,"column":64},"end":{"line":64,"column":null}}]}},"s":{"0":0,"1":0,"2":0,"3":3,"4":0,"5":0,"6":1,"7":1,"8":3,"9":3,"10":0,"11":0,"12":0,"13":0,"14":0,"15":0,"16":0,"17":0,"18":0,"19":0,"20":0,"21":0,"22":0,"23":0,"24":0,"25":0,"26":0,"27":0,"28":0,"29":0,"30":0,"31":0,"32":0,"33":0,"34":0,"35":0,"36":0,"37":0,"38":0,"39":0,"40":0},"f":{"0":3,"1":0,"2":0,"3":0,"4":0,"5":0},"b":{"0":[0,0],"1":[0,0]}}
,"C:\\Users\\ADMIN\\Documents\\Coding\\revou third assignment 2\\milestone-3-vincentsim01\\src\\app\\login\\page.tsx": {"path":"C:\\Users\\ADMIN\\Documents\\Coding\\revou third assignment 2\\milestone-3-vincentsim01\\src\\app\\login\\page.tsx","statementMap":{"0":{"start":{"line":7,"column":24},"end":{"line":7,"column":null}},"1":{"start":{"line":4,"column":36},"end":{"line":4,"column":null}},"2":{"start":{"line":5,"column":26},"end":{"line":5,"column":null}},"3":{"start":{"line":8,"column":28},"end":{"line":8,"column":null}},"4":{"start":{"line":9,"column":34},"end":{"line":9,"column":null}},"5":{"start":{"line":10,"column":28},"end":{"line":10,"column":null}},"6":{"start":{"line":11,"column":36},"end":{"line":11,"column":null}},"7":{"start":{"line":12,"column":17},"end":{"line":12,"column":null}},"8":{"start":{"line":14,"column":20},"end":{"line":19,"column":null}},"9":{"start":{"line":15,"column":20},"end":{"line":15,"column":null}},"10":{"start":{"line":16,"column":4},"end":{"line":16,"column":null}},"11":{"start":{"line":17,"column":4},"end":{"line":17,"column":null}},"12":{"start":{"line":18,"column":4},"end":{"line":18,"column":null}},"13":{"start":{"line":21,"column":20},"end":{"line":26,"column":null}},"14":{"start":{"line":22,"column":4},"end":{"line":25,"column":null}},"15":{"start":{"line":24,"column":19},"end":{"line":24,"column":null}},"16":{"start":{"line":28,"column":22},"end":{"line":30,"column":null}},"17":{"start":{"line":29,"column":4},"end":{"line":29,"column":null}},"18":{"start":{"line":32,"column":2},"end":{"line":41,"column":null}},"19":{"start":{"line":33,"column":18},"end":{"line":33,"column":null}},"20":{"start":{"line":34,"column":23},"end":{"line":34,"column":null}},"21":{"start":{"line":35,"column":4},"end":{"line":40,"column":null}},"22":{"start":{"line":36,"column":23},"end":{"line":36,"column":null}},"23":{"start":{"line":37,"column":23},"end":{"line":37,"column":null}},"24":{"start":{"line":38,"column":6},"end":{"line":38,"column":null}},"25":{"start":{"line":39,"column":6},"end":{"line":39,"column":null}},"26":{"start":{"line":43,"column":22},"end":{"line":103,"column":null}},"27":{"start":{"line":44,"column":4},"end":{"line":44,"column":null}},"28":{"start":{"line":45,"column":4},"end":{"line":45,"column":null}},"29":{"start":{"line":46,"column":4},"end":{"line":46,"column":null}},"30":{"start":{"line":48,"column":4},"end":{"line":102,"column":null}},"31":{"start":{"line":49,"column":6},"end":{"line":49,"column":null}},"32":{"start":{"line":51,"column":23},"end":{"line":59,"column":null}},"33":{"start":{"line":61,"column":6},"end":{"line":63,"column":null}},"34":{"start":{"line":62,"column":8},"end":{"line":62,"column":null}},"35":{"start":{"line":65,"column":19},"end":{"line":65,"column":null}},"36":{"start":{"line":66,"column":6},"end":{"line":66,"column":null}},"37":{"start":{"line":69,"column":6},"end":{"line":69,"column":null}},"38":{"start":{"line":70,"column":6},"end":{"line":70,"column":null}},"39":{"start":{"line":71,"column":6},"end":{"line":71,"column":null}},"40":{"start":{"line":72,"column":6},"end":{"line":72,"column":null}},"41":{"start":{"line":75,"column":27},"end":{"line":79,"column":null}},"42":{"start":{"line":81,"column":6},"end":{"line":85,"column":null}},"43":{"start":{"line":82,"column":25},"end":{"line":82,"column":null}},"44":{"start":{"line":83,"column":8},"end":{"line":83,"column":null}},"45":{"start":{"line":84,"column":8},"end":{"line":84,"column":null}},"46":{"start":{"line":87,"column":23},"end":{"line":87,"column":null}},"47":{"start":{"line":88,"column":23},"end":{"line":88,"column":null}},"48":{"start":{"line":89,"column":6},"end":{"line":89,"column":null}},"49":{"start":{"line":89,"column":24},"end":{"line":89,"column":67}},"50":{"start":{"line":93,"column":6},"end":{"line":93,"column":null}},"51":{"start":{"line":93,"column":35},"end":{"line":93,"column":null}},"52":{"start":{"line":95,"column":6},"end":{"line":95,"column":null}},"53":{"start":{"line":98,"column":6},"end":{"line":98,"column":null}},"54":{"start":{"line":99,"column":6},"end":{"line":99,"column":null}},"55":{"start":{"line":101,"column":6},"end":{"line":101,"column":null}},"56":{"start":{"line":121,"column":29},"end":{"line":121,"column":null}},"57":{"start":{"line":133,"column":29},"end":{"line":133,"column":null}}},"fnMap":{"0":{"name":"LoginPage","decl":{"start":{"line":7,"column":24},"end":{"line":7,"column":null}},"loc":{"start":{"line":7,"column":24},"end":{"line":165,"column":null}}},"1":{"name":"(anonymous_2)","decl":{"start":{"line":14,"column":20},"end":{"line":14,"column":21}},"loc":{"start":{"line":14,"column":70},"end":{"line":19,"column":null}}},"2":{"name":"(anonymous_3)","decl":{"start":{"line":21,"column":20},"end":{"line":21,"column":21}},"loc":{"start":{"line":21,"column":21},"end":{"line":26,"column":null}}},"3":{"name":"(anonymous_4)","decl":{"start":{"line":24,"column":12},"end":{"line":24,"column":19}},"loc":{"start":{"line":24,"column":19},"end":{"line":24,"column":null}}},"4":{"name":"(anonymous_5)","decl":{"start":{"line":28,"column":22},"end":{"line":28,"column":23}},"loc":{"start":{"line":28,"column":23},"end":{"line":30,"column":null}}},"5":{"name":"(anonymous_6)","decl":{"start":{"line":32,"column":12},"end":{"line":32,"column":null}},"loc":{"start":{"line":32,"column":12},"end":{"line":41,"column":5}}},"6":{"name":"(anonymous_7)","decl":{"start":{"line":43,"column":22},"end":{"line":43,"column":29}},"loc":{"start":{"line":43,"column":29},"end":{"line":103,"column":null}}},"7":{"name":"(anonymous_8)","decl":{"start":{"line":89,"column":17},"end":{"line":89,"column":24}},"loc":{"start":{"line":89,"column":17},"end":{"line":89,"column":69}}},"8":{"name":"(anonymous_9)","decl":{"start":{"line":93,"column":24},"end":{"line":93,"column":35}},"loc":{"start":{"line":93,"column":35},"end":{"line":93,"column":null}}},"9":{"name":"(anonymous_10)","decl":{"start":{"line":121,"column":22},"end":{"line":121,"column":23}},"loc":{"start":{"line":121,"column":29},"end":{"line":121,"column":null}}},"10":{"name":"(anonymous_11)","decl":{"start":{"line":133,"column":22},"end":{"line":133,"column":23}},"loc":{"start":{"line":133,"column":29},"end":{"line":133,"column":null}}}},"branchMap":{"0":{"loc":{"start":{"line":14,"column":50},"end":{"line":14,"column":70}},"type":"default-arg","locations":[{"start":{"line":14,"column":68},"end":{"line":14,"column":70}}]},"1":{"loc":{"start":{"line":22,"column":11},"end":{"line":25,"column":null}},"type":"binary-expr","locations":[{"start":{"line":22,"column":11},"end":{"line":25,"column":21}},{"start":{"line":25,"column":25},"end":{"line":25,"column":null}}]},"2":{"loc":{"start":{"line":29,"column":11},"end":{"line":29,"column":null}},"type":"cond-expr","locations":[{"start":{"line":29,"column":39},"end":{"line":29,"column":49}},{"start":{"line":29,"column":49},"end":{"line":29,"column":null}}]},"3":{"loc":{"start":{"line":35,"column":4},"end":{"line":40,"column":null}},"type":"if","locations":[{"start":{"line":35,"column":4},"end":{"line":40,"column":null}},{"start":{},"end":{}}]},"4":{"loc":{"start":{"line":35,"column":8},"end":{"line":35,"column":29}},"type":"binary-expr","locations":[{"start":{"line":35,"column":8},"end":{"line":35,"column":17}},{"start":{"line":35,"column":17},"end":{"line":35,"column":29}}]},"5":{"loc":{"start":{"line":37,"column":23},"end":{"line":37,"column":null}},"type":"cond-expr","locations":[{"start":{"line":37,"column":46},"end":{"line":37,"column":57}},{"start":{"line":37,"column":57},"end":{"line":37,"column":null}}]},"6":{"loc":{"start":{"line":61,"column":6},"end":{"line":63,"column":null}},"type":"if","locations":[{"start":{"line":61,"column":6},"end":{"line":63,"column":null}},{"start":{},"end":{}}]},"7":{"loc":{"start":{"line":81,"column":6},"end":{"line":85,"column":null}},"type":"if","locations":[{"start":{"line":81,"column":6},"end":{"line":85,"column":null}},{"start":{},"end":{}}]},"8":{"loc":{"start":{"line":88,"column":23},"end":{"line":88,"column":null}},"type":"cond-expr","locations":[{"start":{"line":88,"column":46},"end":{"line":88,"column":57}},{"start":{"line":88,"column":57},"end":{"line":88,"column":null}}]},"9":{"loc":{"start":{"line":109,"column":7},"end":{"line":109,"column":16}},"type":"binary-expr","locations":[{"start":{"line":109,"column":7},"end":{"line":109,"column":16}}]},"10":{"loc":{"start":{"line":144,"column":29},"end":{"line":144,"column":null}},"type":"cond-expr","locations":[{"start":{"line":144,"column":41},"end":{"line":144,"column":50}},{"start":{"line":144,"column":50},"end":{"line":144,"column":null}}]},"11":{"loc":{"start":{"line":148,"column":20},"end":{"line":148,"column":null}},"type":"cond-expr","locations":[{"start":{"line":148,"column":32},"end":{"line":148,"column":48}},{"start":{"line":148,"column":48},"end":{"line":148,"column":null}}]},"12":{"loc":{"start":{"line":151,"column":11},"end":{"line":151,"column":null}},"type":"cond-expr","locations":[{"start":{"line":151,"column":23},"end":{"line":151,"column":41}},{"start":{"line":151,"column":41},"end":{"line":151,"column":null}}]}},"s":{"0":2,"1":1,"2":1,"3":2,"4":2,"5":2,"6":2,"7":2,"8":2,"9":0,"10":0,"11":0,"12":0,"13":2,"14":4,"15":4,"16":2,"17":0,"18":2,"19":2,"20":2,"21":2,"22":0,"23":0,"24":0,"25":0,"26":2,"27":0,"28":0,"29":0,"30":0,"31":0,"32":0,"33":0,"34":0,"35":0,"36":0,"37":0,"38":0,"39":0,"40":0,"41":0,"42":0,"43":0,"44":0,"45":0,"46":0,"47":0,"48":0,"49":0,"50":0,"51":0,"52":0,"53":0,"54":0,"55":0,"56":0,"57":0},"f":{"0":2,"1":0,"2":4,"3":4,"4":0,"5":2,"6":0,"7":0,"8":0,"9":0,"10":0},"b":{"0":[0],"1":[4,4],"2":[0,0],"3":[0,2],"4":[2,0],"5":[0,0],"6":[0,0],"7":[0,0],"8":[0,0],"9":[2],"10":[0,2],"11":[0,2],"12":[0,2]}}
,"C:\\Users\\ADMIN\\Documents\\Coding\\revou third assignment 2\\milestone-3-vincentsim01\\src\\app\\payment\\page.tsx": {"path":"C:\\Users\\ADMIN\\Documents\\Coding\\revou third assignment 2\\milestone-3-vincentsim01\\src\\app\\payment\\page.tsx","statementMap":{"0":{"start":{"line":12,"column":24},"end":{"line":12,"column":null}},"1":{"start":{"line":3,"column":36},"end":{"line":3,"column":null}},"2":{"start":{"line":13,"column":44},"end":{"line":13,"column":null}},"3":{"start":{"line":14,"column":28},"end":{"line":14,"column":null}},"4":{"start":{"line":15,"column":44},"end":{"line":15,"column":null}},"5":{"start":{"line":17,"column":2},"end":{"line":28,"column":null}},"6":{"start":{"line":18,"column":24},"end":{"line":18,"column":null}},"7":{"start":{"line":19,"column":4},"end":{"line":27,"column":null}},"8":{"start":{"line":20,"column":20},"end":{"line":20,"column":null}},"9":{"start":{"line":21,"column":6},"end":{"line":21,"column":null}},"10":{"start":{"line":22,"column":25},"end":{"line":24,"column":null}},"11":{"start":{"line":23,"column":40},"end":{"line":23,"column":null}},"12":{"start":{"line":26,"column":6},"end":{"line":26,"column":null}},"13":{"start":{"line":30,"column":24},"end":{"line":33,"column":null}},"14":{"start":{"line":31,"column":4},"end":{"line":31,"column":null}},"15":{"start":{"line":32,"column":4},"end":{"line":32,"column":null}},"16":{"start":{"line":47,"column":14},"end":{"line":48,"column":null}},"17":{"start":{"line":68,"column":31},"end":{"line":68,"column":null}}},"fnMap":{"0":{"name":"PaymentPage","decl":{"start":{"line":12,"column":24},"end":{"line":12,"column":null}},"loc":{"start":{"line":12,"column":24},"end":{"line":89,"column":null}}},"1":{"name":"(anonymous_2)","decl":{"start":{"line":17,"column":12},"end":{"line":17,"column":null}},"loc":{"start":{"line":17,"column":12},"end":{"line":28,"column":5}}},"2":{"name":"(anonymous_3)","decl":{"start":{"line":23,"column":8},"end":{"line":23,"column":9}},"loc":{"start":{"line":23,"column":40},"end":{"line":23,"column":null}}},"3":{"name":"(anonymous_4)","decl":{"start":{"line":30,"column":24},"end":{"line":30,"column":null}},"loc":{"start":{"line":30,"column":24},"end":{"line":33,"column":null}}},"4":{"name":"(anonymous_5)","decl":{"start":{"line":46,"column":31},"end":{"line":46,"column":32}},"loc":{"start":{"line":47,"column":14},"end":{"line":48,"column":null}}},"5":{"name":"(anonymous_6)","decl":{"start":{"line":68,"column":24},"end":{"line":68,"column":25}},"loc":{"start":{"line":68,"column":31},"end":{"line":68,"column":null}}}},"branchMap":{"0":{"loc":{"start":{"line":19,"column":4},"end":{"line":27,"column":null}},"type":"if","locations":[{"start":{"line":19,"column":4},"end":{"line":27,"column":null}},{"start":{},"end":{}}]},"1":{"loc":{"start":{"line":23,"column":60},"end":{"line":23,"column":null}},"type":"binary-expr","locations":[{"start":{"line":23,"column":60},"end":{"line":23,"column":73}},{"start":{"line":23,"column":77},"end":{"line":23,"column":null}}]},"2":{"loc":{"start":{"line":40,"column":8},"end":{"line":42,"column":null}},"type":"cond-expr","locations":[{"start":{"line":40,"column":8},"end":{"line":42,"column":null}}]},"3":{"loc":{"start":{"line":52,"column":34},"end":{"line":52,"column":null}},"type":"binary-expr","locations":[{"start":{"line":52,"column":34},"end":{"line":52,"column":47}},{"start":{"line":52,"column":51},"end":{"line":52,"column":null}}]},"4":{"loc":{"start":{"line":54,"column":38},"end":{"line":54,"column":null}},"type":"binary-expr","locations":[{"start":{"line":54,"column":38},"end":{"line":54,"column":51}},{"start":{"line":54,"column":55},"end":{"line":54,"column":null}}]}},"s":{"0":1,"1":1,"2":2,"3":2,"4":2,"5":2,"6":1,"7":1,"8":1,"9":1,"10":1,"11":2,"12":1,"13":2,"14":0,"15":0,"16":2,"17":0},"f":{"0":2,"1":1,"2":2,"3":0,"4":2,"5":0},"b":{"0":[1,0],"1":[2,0],"2":[1],"3":[2,0],"4":[2,0]}}
,"C:\\Users\\ADMIN\\Documents\\Coding\\revou third assignment 2\\milestone-3-vincentsim01\\src\\app\\products\\page.tsx": {"path":"C:\\Users\\ADMIN\\Documents\\Coding\\revou third assignment 2\\milestone-3-vincentsim01\\src\\app\\products\\page.tsx","statementMap":{"0":{"start":{"line":24,"column":0},"end":{"line":24,"column":15}},"1":{"start":{"line":8,"column":13},"end":{"line":8,"column":33}},"2":{"start":{"line":3,"column":18},"end":{"line":3,"column":null}},"3":{"start":{"line":5,"column":24},"end":{"line":5,"column":null}},"4":{"start":{"line":8,"column":33},"end":{"line":22,"column":null}},"5":{"start":{"line":24,"column":15},"end":{"line":24,"column":26}}},"fnMap":{},"branchMap":{},"s":{"0":3,"1":0,"2":1,"3":1,"4":1,"5":1},"f":{},"b":{}}
,"C:\\Users\\ADMIN\\Documents\\Coding\\revou third assignment 2\\milestone-3-vincentsim01\\src\\app\\products\\productPage.tsx": {"path":"C:\\Users\\ADMIN\\Documents\\Coding\\revou third assignment 2\\milestone-3-vincentsim01\\src\\app\\products\\productPage.tsx","statementMap":{"0":{"start":{"line":10,"column":24},"end":{"line":10,"column":null}},"1":{"start":{"line":2,"column":36},"end":{"line":2,"column":null}},"2":{"start":{"line":3,"column":24},"end":{"line":3,"column":null}},"3":{"start":{"line":4,"column":31},"end":{"line":4,"column":null}},"4":{"start":{"line":6,"column":26},"end":{"line":6,"column":null}},"5":{"start":{"line":7,"column":24},"end":{"line":7,"column":null}},"6":{"start":{"line":11,"column":40},"end":{"line":11,"column":null}},"7":{"start":{"line":12,"column":44},"end":{"line":12,"column":null}},"8":{"start":{"line":13,"column":40},"end":{"line":13,"column":null}},"9":{"start":{"line":14,"column":32},"end":{"line":14,"column":null}},"10":{"start":{"line":15,"column":17},"end":{"line":15,"column":null}},"11":{"start":{"line":16,"column":40},"end":{"line":16,"column":null}},"12":{"start":{"line":20,"column":29},"end":{"line":23,"column":null}},"13":{"start":{"line":21,"column":21},"end":{"line":21,"column":null}},"14":{"start":{"line":22,"column":4},"end":{"line":22,"column":null}},"15":{"start":{"line":25,"column":29},"end":{"line":43,"column":null}},"16":{"start":{"line":26,"column":4},"end":{"line":26,"column":null}},"17":{"start":{"line":27,"column":4},"end":{"line":30,"column":null}},"18":{"start":{"line":28,"column":6},"end":{"line":28,"column":null}},"19":{"start":{"line":29,"column":6},"end":{"line":29,"column":null}},"20":{"start":{"line":32,"column":4},"end":{"line":32,"column":null}},"21":{"start":{"line":33,"column":4},"end":{"line":42,"column":null}},"22":{"start":{"line":34,"column":22},"end":{"line":34,"column":null}},"23":{"start":{"line":36,"column":6},"end":{"line":36,"column":null}},"24":{"start":{"line":38,"column":6},"end":{"line":38,"column":null}},"25":{"start":{"line":39,"column":6},"end":{"line":39,"column":null}},"26":{"start":{"line":41,"column":6},"end":{"line":41,"column":null}},"27":{"start":{"line":45,"column":28},"end":{"line":48,"column":null}},"28":{"start":{"line":46,"column":4},"end":{"line":46,"column":null}},"29":{"start":{"line":47,"column":4},"end":{"line":47,"column":null}},"30":{"start":{"line":50,"column":4},"end":{"line":67,"column":null}},"31":{"start":{"line":51,"column":20},"end":{"line":57,"column":null}},"32":{"start":{"line":53,"column":23},"end":{"line":53,"column":null}},"33":{"start":{"line":55,"column":8},"end":{"line":55,"column":null}},"34":{"start":{"line":56,"column":8},"end":{"line":56,"column":null}},"35":{"start":{"line":59,"column":21},"end":{"line":59,"column":41}},"36":{"start":{"line":61,"column":4},"end":{"line":66,"column":null}},"37":{"start":{"line":62,"column":6},"end":{"line":62,"column":null}},"38":{"start":{"line":64,"column":6},"end":{"line":64,"column":null}},"39":{"start":{"line":119,"column":27},"end":{"line":119,"column":null}}},"fnMap":{"0":{"name":"ProductsPage","decl":{"start":{"line":10,"column":24},"end":{"line":10,"column":null}},"loc":{"start":{"line":10,"column":24},"end":{"line":152,"column":null}}},"1":{"name":"(anonymous_3)","decl":{"start":{"line":20,"column":29},"end":{"line":20,"column":30}},"loc":{"start":{"line":20,"column":30},"end":{"line":23,"column":null}}},"2":{"name":"(anonymous_4)","decl":{"start":{"line":25,"column":29},"end":{"line":25,"column":36}},"loc":{"start":{"line":25,"column":36},"end":{"line":43,"column":null}}},"3":{"name":"(anonymous_5)","decl":{"start":{"line":45,"column":28},"end":{"line":45,"column":null}},"loc":{"start":{"line":45,"column":28},"end":{"line":48,"column":null}}},"4":{"name":"(anonymous_6)","decl":{"start":{"line":50,"column":14},"end":{"line":50,"column":null}},"loc":{"start":{"line":50,"column":14},"end":{"line":67,"column":5}}},"5":{"name":"(anonymous_7)","decl":{"start":{"line":53,"column":11},"end":{"line":53,"column":12}},"loc":{"start":{"line":53,"column":23},"end":{"line":53,"column":null}}},"6":{"name":"(anonymous_8)","decl":{"start":{"line":54,"column":14},"end":{"line":54,"column":15}},"loc":{"start":{"line":54,"column":56},"end":{"line":57,"column":9}}},"7":{"name":"(anonymous_9)","decl":{"start":{"line":119,"column":21},"end":{"line":119,"column":27}},"loc":{"start":{"line":119,"column":27},"end":{"line":119,"column":null}}}},"branchMap":{"0":{"loc":{"start":{"line":27,"column":4},"end":{"line":30,"column":null}},"type":"if","locations":[{"start":{"line":27,"column":4},"end":{"line":30,"column":null}},{"start":{},"end":{}}]},"1":{"loc":{"start":{"line":61,"column":4},"end":{"line":66,"column":null}},"type":"if","locations":[{"start":{"line":61,"column":4},"end":{"line":66,"column":null}},{"start":{"line":63,"column":11},"end":{"line":66,"column":null}}]},"2":{"loc":{"start":{"line":94,"column":13},"end":{"line":94,"column":null}},"type":"binary-expr","locations":[{"start":{"line":94,"column":13},"end":{"line":94,"column":null}}]},"3":{"loc":{"start":{"line":109,"column":13},"end":{"line":109,"column":63}},"type":"binary-expr","locations":[{"start":{"line":109,"column":13},"end":{"line":109,"column":28}},{"start":{"line":109,"column":28},"end":{"line":109,"column":63}}]},"4":{"loc":{"start":{"line":110,"column":13},"end":{"line":110,"column":99}},"type":"binary-expr","locations":[{"start":{"line":110,"column":13},"end":{"line":110,"column":30}},{"start":{"line":110,"column":30},"end":{"line":110,"column":46}},{"start":{"line":110,"column":46},"end":{"line":110,"column":99}}]},"5":{"loc":{"start":{"line":111,"column":13},"end":{"line":111,"column":null}},"type":"binary-expr","locations":[{"start":{"line":111,"column":13},"end":{"line":111,"column":39}},{"start":{"line":111,"column":39},"end":{"line":111,"column":55}},{"start":{"line":111,"column":55},"end":{"line":111,"column":null}}]},"6":{"loc":{"start":{"line":116,"column":11},"end":{"line":126,"column":null}},"type":"cond-expr","locations":[{"start":{"line":117,"column":22},"end":{"line":126,"column":null}},{"start":{"line":126,"column":13},"end":{"line":126,"column":null}}]},"7":{"loc":{"start":{"line":135,"column":25},"end":{"line":135,"column":61}},"type":"cond-expr","locations":[{"start":{"line":135,"column":41},"end":{"line":135,"column":59}},{"start":{"line":135,"column":59},"end":{"line":135,"column":61}}]}},"s":{"0":1,"1":1,"2":1,"3":1,"4":1,"5":1,"6":6,"7":6,"8":6,"9":6,"10":6,"11":6,"12":6,"13":0,"14":0,"15":6,"16":0,"17":0,"18":0,"19":0,"20":0,"21":0,"22":0,"23":0,"24":0,"25":0,"26":0,"27":6,"28":0,"29":0,"30":6,"31":3,"32":3,"33":3,"34":3,"35":3,"36":3,"37":0,"38":3,"39":0},"f":{"0":6,"1":0,"2":0,"3":0,"4":3,"5":3,"6":3,"7":0},"b":{"0":[0,0],"1":[0,3],"2":[6],"3":[6,0],"4":[6,0,0],"5":[6,6,6],"6":[2,4],"7":[0,6]}}
}
