TN:
SF:src\app\component\UserList.tsx
FN:8,UserList
FN:14,(anonymous_5)
FN:32,(anonymous_6)
FN:44,(anonymous_7)
FN:48,(anonymous_8)
FN:54,(anonymous_9)
FN:90,(anonymous_10)
FN:94,(anonymous_11)
FNF:8
FNH:4
FNDA:7,UserList
FNDA:3,(anonymous_5)
FNDA:0,(anonymous_6)
FNDA:2,(anonymous_7)
FNDA:1,(anonymous_8)
FNDA:0,(anonymous_9)
FNDA:0,(anonymous_10)
FNDA:0,(anonymous_11)
DA:3,1
DA:4,1
DA:8,2
DA:9,7
DA:10,7
DA:11,7
DA:12,7
DA:14,7
DA:15,3
DA:16,3
DA:17,3
DA:19,3
DA:21,1
DA:23,1
DA:25,1
DA:27,1
DA:28,1
DA:32,7
DA:33,0
DA:34,0
DA:35,0
DA:36,0
DA:38,0
DA:39,0
DA:40,0
DA:44,7
DA:45,2
DA:48,7
DA:49,1
DA:50,1
DA:51,1
DA:54,7
DA:55,0
DA:91,0
DA:94,0
LF:35
LH:25
BRDA:25,0,0,1
BRDA:25,0,1,0
BRDA:38,1,0,0
BRDA:38,1,1,0
BRDA:67,2,0,3
BRDA:67,2,1,4
BRDA:72,3,0,7
BRDA:79,4,0,7
BRDA:87,5,0,7
BRDA:125,6,0,7
BRF:10
BRH:7
end_of_record
TN:
SF:src\app\component\addToCartButton.tsx
FN:18,AddToCartButton
FN:20,(anonymous_3)
FN:25,(anonymous_4)
FNF:3
FNH:1
FNDA:2,AddToCartButton
FNDA:0,(anonymous_3)
FNDA:0,(anonymous_4)
DA:3,2
DA:4,2
DA:18,2
DA:19,2
DA:20,2
DA:22,0
DA:25,0
DA:27,0
DA:28,0
DA:29,0
DA:32,0
DA:35,0
DA:38,0
DA:40,0
LF:14
LH:5
BRDA:22,0,0,0
BRDA:22,0,1,0
BRDA:27,1,0,0
BRDA:27,1,1,0
BRF:4
BRH:0
end_of_record
TN:
SF:src\app\component\banner.tsx
FN:6,(anonymous_2)
FNF:1
FNH:1
FNDA:1,(anonymous_2)
DA:3,1
DA:4,1
DA:6,1
DA:20,1
LF:4
LH:4
BRF:0
BRH:0
end_of_record
TN:
SF:src\app\component\productCard.tsx
FN:17,ProductCard
FN:22,nextImgIndex
FN:30,prevImgIndex
FN:39,(anonymous_5)
FN:60,(anonymous_6)
FNF:5
FNH:1
FNDA:3,ProductCard
FNDA:0,nextImgIndex
FNDA:0,prevImgIndex
FNDA:0,(anonymous_5)
FNDA:0,(anonymous_6)
DA:3,2
DA:4,2
DA:5,2
DA:6,2
DA:7,2
DA:17,3
DA:18,3
DA:21,3
DA:23,0
DA:24,0
DA:26,0
DA:31,0
DA:32,0
DA:34,0
DA:39,3
DA:40,0
DA:41,0
DA:61,0
LF:18
LH:9
BRDA:17,0,0,2
BRDA:23,1,0,0
BRDA:23,1,1,0
BRDA:31,2,0,0
BRDA:31,2,1,0
BRDA:40,3,0,0
BRDA:40,3,1,0
BRDA:77,4,0,1
BRDA:83,5,0,1
BRDA:83,5,1,2
BRF:10
BRH:4
end_of_record
TN:
SF:src\app\component\productForm.tsx
FN:13,ProductForm
FN:35,(anonymous_2)
FNF:2
FNH:2
FNDA:4,ProductForm
FNDA:1,(anonymous_2)
DA:2,1
DA:3,1
DA:5,1
DA:13,1
DA:19,4
DA:29,4
DA:30,4
DA:31,4
DA:35,4
DA:36,1
DA:37,1
DA:38,1
DA:40,1
DA:49,1
DA:50,0
DA:51,0
DA:53,1
DA:54,0
DA:55,0
DA:58,0
DA:60,0
DA:61,0
DA:63,0
LF:23
LH:15
BRDA:21,0,0,4
BRDA:21,0,1,4
BRDA:22,1,0,4
BRDA:22,1,1,4
BRDA:23,2,0,4
BRDA:23,2,1,4
BRDA:24,3,0,4
BRDA:24,3,1,4
BRDA:41,4,0,1
BRDA:41,4,1,1
BRDA:42,5,0,1
BRDA:42,5,1,1
BRDA:43,6,0,1
BRDA:43,6,1,1
BRDA:44,7,0,1
BRDA:44,7,1,1
BRDA:49,8,0,0
BRDA:49,8,1,1
BRDA:60,9,0,0
BRDA:60,9,1,0
BRDA:70,10,0,0
BRDA:70,10,1,4
BRDA:73,11,0,4
BRDA:76,12,0,4
BRDA:93,13,0,4
BRDA:108,14,0,4
BRDA:124,15,0,4
BRDA:142,16,0,4
BRDA:146,17,0,4
BRDA:158,18,0,4
BRDA:158,18,1,2
BRDA:161,19,0,2
BRDA:161,19,1,2
BRDA:161,20,0,4
BRDA:161,20,1,2
BRDA:161,21,0,0
BRDA:161,21,1,2
BRF:37
BRH:32
end_of_record
TN:
SF:src\app\component\productList.tsx
FN:15,ProductList
FN:31,(anonymous_6)
FN:46,(anonymous_7)
FN:51,(anonymous_8)
FN:58,nextTwelve
FN:63,previousTwelve
FN:74,(anonymous_11)
FN:77,(anonymous_12)
FN:108,(anonymous_13)
FN:158,(anonymous_14)
FNF:10
FNH:4
FNDA:9,ProductList
FNDA:3,(anonymous_6)
FNDA:3,(anonymous_7)
FNDA:6,(anonymous_8)
FNDA:0,nextTwelve
FNDA:0,previousTwelve
FNDA:0,(anonymous_11)
FNDA:0,(anonymous_12)
FNDA:0,(anonymous_13)
FNDA:0,(anonymous_14)
DA:2,1
DA:4,1
DA:6,1
DA:15,6
DA:25,9
DA:26,9
DA:27,9
DA:28,9
DA:29,9
DA:31,9
DA:32,3
DA:33,3
DA:34,3
DA:35,3
DA:36,0
DA:39,0
DA:40,0
DA:42,0
DA:46,9
DA:47,3
DA:51,9
DA:52,6
DA:53,6
DA:59,0
DA:60,0
DA:64,0
DA:65,0
DA:66,0
DA:68,0
DA:69,0
DA:74,9
DA:75,0
DA:76,0
DA:77,0
DA:79,0
DA:80,0
DA:85,9
DA:95,9
DA:104,6
DA:108,0
DA:115,6
DA:118,6
DA:120,6
DA:124,6
DA:133,6
DA:159,0
LF:46
LH:28
BRDA:17,0,0,0
BRDA:18,1,0,0
BRDA:19,2,0,0
BRDA:20,3,0,0
BRDA:52,4,0,6
BRDA:52,4,1,0
BRDA:64,5,0,0
BRDA:64,5,1,0
BRDA:85,6,0,0
BRDA:85,6,1,9
BRDA:95,7,0,3
BRDA:95,7,1,6
BRDA:104,8,0,0
BRDA:104,8,1,6
BRDA:118,9,0,0
BRDA:118,9,1,6
BRDA:118,10,0,6
BRDA:118,10,1,6
BRDA:124,11,0,0
BRDA:124,11,1,6
BRDA:133,12,0,6
BRDA:133,12,1,0
BRDA:133,13,0,6
BRDA:133,13,1,0
BRF:24
BRH:11
end_of_record
TN:
SF:src\app\context\AuthContext.tsx
FN:34,(anonymous_6)
FN:38,(anonymous_7)
FN:42,(anonymous_8)
FN:47,(anonymous_9)
FN:52,AuthProvider
FN:61,(anonymous_11)
FN:118,(anonymous_12)
FN:123,(anonymous_13)
FN:127,(anonymous_14)
FN:133,(anonymous_15)
FN:146,(anonymous_16)
FN:182,useAuth
FNF:12
FNH:6
FNDA:2,(anonymous_6)
FNDA:2,(anonymous_7)
FNDA:0,(anonymous_8)
FNDA:0,(anonymous_9)
FNDA:2,AuthProvider
FNDA:1,(anonymous_11)
FNDA:1,(anonymous_12)
FNDA:1,(anonymous_13)
FNDA:0,(anonymous_14)
FNDA:0,(anonymous_15)
FNDA:0,(anonymous_16)
FNDA:0,useAuth
DA:4,1
DA:5,1
DA:27,1
DA:34,1
DA:35,2
DA:36,2
DA:38,2
DA:42,1
DA:43,0
DA:44,0
DA:47,1
DA:49,0
DA:52,1
DA:53,2
DA:54,2
DA:55,2
DA:56,2
DA:57,2
DA:58,2
DA:61,2
DA:62,1
DA:64,1
DA:65,1
DA:67,1
DA:68,1
DA:70,1
DA:71,1
DA:72,1
DA:73,1
DA:74,1
DA:75,1
DA:76,1
DA:79,0
DA:80,0
DA:81,0
DA:82,0
DA:83,0
DA:85,0
DA:86,0
DA:87,0
DA:89,0
DA:90,0
DA:91,0
DA:93,0
DA:94,0
DA:95,0
DA:96,0
DA:97,0
DA:98,0
DA:99,0
DA:100,0
DA:103,0
DA:104,0
DA:105,0
DA:106,0
DA:107,0
DA:108,0
DA:109,0
DA:110,0
DA:112,0
DA:113,0
DA:118,2
DA:119,1
DA:123,2
DA:124,1
DA:125,1
DA:127,1
DA:128,0
DA:133,2
DA:134,0
DA:135,0
DA:136,0
DA:137,0
DA:138,0
DA:139,0
DA:140,0
DA:141,0
DA:142,0
DA:143,0
DA:146,2
DA:147,0
DA:148,0
DA:150,0
DA:151,0
DA:152,0
DA:153,0
DA:154,0
DA:155,0
DA:156,0
DA:158,0
DA:159,0
DA:162,0
DA:166,2
DA:182,0
DA:183,0
DA:184,0
DA:185,0
DA:187,0
LF:98
LH:38
BRDA:35,0,0,0
BRDA:35,0,1,2
BRDA:36,1,0,2
BRDA:36,1,1,2
BRDA:43,2,0,0
BRDA:43,2,1,0
BRDA:49,3,0,0
BRDA:49,3,1,0
BRDA:67,4,0,0
BRDA:67,4,1,1
BRDA:68,5,0,1
BRDA:68,5,1,1
BRDA:70,6,0,1
BRDA:70,6,1,0
BRDA:70,7,0,1
BRDA:70,7,1,0
BRDA:81,8,0,0
BRDA:81,8,1,0
BRDA:124,9,0,1
BRDA:124,9,1,0
BRDA:150,10,0,0
BRDA:150,10,1,0
BRDA:150,11,0,0
BRDA:150,11,1,0
BRDA:184,12,0,0
BRDA:184,12,1,0
BRF:26
BRH:9
end_of_record
TN:
SF:src\app\context\CartContext.tsx
FN:24,(anonymous_6)
FN:28,(anonymous_7)
FN:36,(anonymous_8)
FN:40,(anonymous_9)
FN:41,(anonymous_10)
FN:42,(anonymous_11)
FN:45,(anonymous_12)
FN:56,(anonymous_13)
FN:57,(anonymous_14)
FN:57,(anonymous_15)
FN:60,(anonymous_16)
FN:64,(anonymous_17)
FN:66,(anonymous_18)
FN:71,(anonymous_19)
FN:72,(anonymous_20)
FN:86,(anonymous_21)
FNF:16
FNH:0
FNDA:0,(anonymous_6)
FNDA:0,(anonymous_7)
FNDA:0,(anonymous_8)
FNDA:0,(anonymous_9)
FNDA:0,(anonymous_10)
FNDA:0,(anonymous_11)
FNDA:0,(anonymous_12)
FNDA:0,(anonymous_13)
FNDA:0,(anonymous_14)
FNDA:0,(anonymous_15)
FNDA:0,(anonymous_16)
FNDA:0,(anonymous_17)
FNDA:0,(anonymous_18)
FNDA:0,(anonymous_19)
FNDA:0,(anonymous_20)
FNDA:0,(anonymous_21)
DA:2,1
DA:22,1
DA:24,1
DA:25,0
DA:28,0
DA:29,0
DA:30,0
DA:31,0
DA:36,0
DA:37,0
DA:40,0
DA:41,0
DA:42,0
DA:43,0
DA:45,0
DA:46,0
DA:51,0
DA:56,0
DA:57,0
DA:60,0
DA:61,0
DA:64,0
DA:65,0
DA:66,0
DA:71,0
DA:72,0
DA:75,0
DA:76,0
DA:86,1
DA:87,0
DA:88,0
DA:89,0
DA:91,0
LF:33
LH:4
BRDA:30,0,0,0
BRDA:30,0,1,0
BRDA:43,1,0,0
BRDA:43,1,1,0
BRDA:46,2,0,0
BRDA:46,2,1,0
BRDA:47,3,0,0
BRDA:47,3,1,0
BRDA:66,4,0,0
BRDA:66,4,1,0
BRDA:72,5,0,0
BRDA:72,5,1,0
BRDA:88,6,0,0
BRDA:88,6,1,0
BRF:14
BRH:0
end_of_record
TN:
SF:src\app\lib\api.ts
FN:23,(anonymous_9)
FN:26,(anonymous_10)
FN:31,getProducts
FN:43,getProduct
FN:55,createProduct
FN:79,updateProduct
FN:99,deleteProduct
FN:110,searchProducts
FN:125,(anonymous_17)
FN:146,(anonymous_18)
FN:165,(anonymous_19)
FN:175,(anonymous_20)
FN:186,(anonymous_21)
FN:197,(anonymous_22)
FN:208,(anonymous_23)
FN:219,(anonymous_24)
FNF:16
FNH:2
FNDA:0,(anonymous_9)
FNDA:0,(anonymous_10)
FNDA:3,getProducts
FNDA:0,getProduct
FNDA:1,createProduct
FNDA:0,updateProduct
FNDA:0,deleteProduct
FNDA:0,searchProducts
FNDA:0,(anonymous_17)
FNDA:0,(anonymous_18)
FNDA:0,(anonymous_19)
FNDA:0,(anonymous_20)
FNDA:0,(anonymous_21)
FNDA:0,(anonymous_22)
FNDA:0,(anonymous_23)
FNDA:0,(anonymous_24)
DA:3,2
DA:5,2
DA:23,2
DA:24,0
DA:26,0
DA:31,3
DA:32,3
DA:33,3
DA:34,0
DA:37,0
DA:38,0
DA:43,0
DA:44,0
DA:45,0
DA:46,0
DA:47,0
DA:49,0
DA:50,0
DA:55,1
DA:56,1
DA:57,1
DA:68,1
DA:69,0
DA:72,0
DA:73,0
DA:79,0
DA:80,0
DA:81,0
DA:91,0
DA:92,0
DA:94,0
DA:95,0
DA:99,0
DA:100,0
DA:101,0
DA:102,0
DA:105,0
DA:106,0
DA:110,0
DA:111,0
DA:112,0
DA:113,0
DA:116,0
DA:117,0
DA:123,2
DA:126,0
DA:138,0
DA:139,0
DA:142,0
DA:147,0
DA:149,0
DA:157,0
DA:158,0
DA:161,0
DA:166,0
DA:168,0
DA:169,0
DA:172,0
DA:176,0
DA:178,0
DA:179,0
DA:182,0
DA:187,0
DA:189,0
DA:190,0
DA:193,0
DA:194,0
DA:198,0
DA:200,0
DA:201,0
DA:204,0
DA:209,0
DA:211,0
DA:212,0
DA:215,0
DA:220,0
DA:222,0
DA:223,0
DA:226,0
LF:79
LH:11
BRDA:24,0,0,0
BRDA:24,0,1,0
BRDA:85,1,0,0
BRDA:85,1,1,0
BRDA:87,2,0,0
BRDA:87,2,1,0
BRDA:138,3,0,0
BRDA:138,3,1,0
BRDA:157,4,0,0
BRDA:157,4,1,0
BRDA:168,5,0,0
BRDA:168,5,1,0
BRDA:178,6,0,0
BRDA:178,6,1,0
BRDA:186,7,0,0
BRDA:189,8,0,0
BRDA:189,8,1,0
BRDA:200,9,0,0
BRDA:200,9,1,0
BRDA:211,10,0,0
BRDA:211,10,1,0
BRDA:222,11,0,0
BRDA:222,11,1,0
BRF:23
BRH:0
end_of_record
TN:
SF:src\app\login\page.tsx
FN:7,LoginPage
FN:14,(anonymous_2)
FN:21,(anonymous_3)
FN:24,(anonymous_4)
FN:28,(anonymous_5)
FN:32,(anonymous_6)
FN:43,(anonymous_7)
FN:89,(anonymous_8)
FN:93,(anonymous_9)
FN:121,(anonymous_10)
FN:133,(anonymous_11)
FNF:11
FNH:9
FNDA:8,LoginPage
FNDA:5,(anonymous_2)
FNDA:8,(anonymous_3)
FNDA:10,(anonymous_4)
FNDA:3,(anonymous_5)
FNDA:4,(anonymous_6)
FNDA:2,(anonymous_7)
FNDA:1,(anonymous_8)
FNDA:1,(anonymous_9)
FNDA:0,(anonymous_10)
FNDA:0,(anonymous_11)
DA:4,2
DA:5,2
DA:7,4
DA:8,8
DA:9,8
DA:10,8
DA:11,8
DA:12,8
DA:14,8
DA:15,5
DA:16,5
DA:17,5
DA:18,5
DA:21,8
DA:22,8
DA:24,10
DA:28,8
DA:29,3
DA:32,8
DA:33,4
DA:34,4
DA:35,4
DA:36,1
DA:37,1
DA:38,1
DA:39,1
DA:43,8
DA:44,2
DA:45,2
DA:46,2
DA:48,2
DA:49,2
DA:51,2
DA:61,2
DA:62,1
DA:65,1
DA:66,1
DA:69,1
DA:70,1
DA:71,1
DA:72,1
DA:75,1
DA:81,1
DA:82,1
DA:83,1
DA:84,1
DA:87,1
DA:88,1
DA:89,1
DA:93,1
DA:95,1
DA:98,1
DA:99,1
DA:101,2
DA:121,0
DA:133,0
LF:56
LH:54
BRDA:14,0,0,0
BRDA:22,1,0,8
BRDA:22,1,1,6
BRDA:29,2,0,3
BRDA:29,2,1,0
BRDA:35,3,0,1
BRDA:35,3,1,3
BRDA:35,4,0,4
BRDA:35,4,1,1
BRDA:37,5,0,1
BRDA:37,5,1,0
BRDA:61,6,0,1
BRDA:61,6,1,1
BRDA:81,7,0,1
BRDA:81,7,1,0
BRDA:88,8,0,1
BRDA:88,8,1,0
BRDA:109,9,0,8
BRDA:144,10,0,2
BRDA:144,10,1,6
BRDA:148,11,0,2
BRDA:148,11,1,6
BRDA:151,12,0,2
BRDA:151,12,1,6
BRF:24
BRH:19
end_of_record
TN:
SF:src\app\payment\page.tsx
FN:12,PaymentPage
FN:17,(anonymous_2)
FN:23,(anonymous_3)
FN:30,(anonymous_4)
FN:46,(anonymous_5)
FN:68,(anonymous_6)
FNF:6
FNH:4
FNDA:2,PaymentPage
FNDA:1,(anonymous_2)
FNDA:2,(anonymous_3)
FNDA:0,(anonymous_4)
FNDA:2,(anonymous_5)
FNDA:0,(anonymous_6)
DA:3,1
DA:12,1
DA:13,2
DA:14,2
DA:15,2
DA:17,2
DA:18,1
DA:19,1
DA:20,1
DA:21,1
DA:22,1
DA:23,2
DA:26,1
DA:30,2
DA:31,0
DA:32,0
DA:47,2
DA:68,0
LF:18
LH:15
BRDA:19,0,0,1
BRDA:19,0,1,0
BRDA:23,1,0,2
BRDA:23,1,1,0
BRDA:40,2,0,1
BRDA:52,3,0,2
BRDA:52,3,1,0
BRDA:54,4,0,2
BRDA:54,4,1,0
BRF:9
BRH:5
end_of_record
TN:
SF:src\app\products\page.tsx
FNF:0
FNH:0
DA:3,1
DA:5,1
DA:8,1
DA:24,3
LF:4
LH:4
BRF:0
BRH:0
end_of_record
TN:
SF:src\app\products\productPage.tsx
FN:10,ProductsPage
FN:20,(anonymous_3)
FN:25,(anonymous_4)
FN:45,(anonymous_5)
FN:50,(anonymous_6)
FN:53,(anonymous_7)
FN:54,(anonymous_8)
FN:119,(anonymous_9)
FNF:8
FNH:4
FNDA:6,ProductsPage
FNDA:0,(anonymous_3)
FNDA:0,(anonymous_4)
FNDA:0,(anonymous_5)
FNDA:3,(anonymous_6)
FNDA:3,(anonymous_7)
FNDA:3,(anonymous_8)
FNDA:0,(anonymous_9)
DA:2,1
DA:3,1
DA:4,1
DA:6,1
DA:7,1
DA:10,1
DA:11,6
DA:12,6
DA:13,6
DA:14,6
DA:15,6
DA:16,6
DA:20,6
DA:21,0
DA:22,0
DA:25,6
DA:26,0
DA:27,0
DA:28,0
DA:29,0
DA:32,0
DA:33,0
DA:34,0
DA:36,0
DA:38,0
DA:39,0
DA:41,0
DA:45,6
DA:46,0
DA:47,0
DA:50,6
DA:51,3
DA:53,3
DA:55,3
DA:56,3
DA:59,3
DA:61,3
DA:62,0
DA:64,3
DA:119,0
LF:40
LH:23
BRDA:27,0,0,0
BRDA:27,0,1,0
BRDA:61,1,0,0
BRDA:61,1,1,3
BRDA:94,2,0,6
BRDA:109,3,0,6
BRDA:109,3,1,0
BRDA:110,4,0,6
BRDA:110,4,1,0
BRDA:110,4,2,0
BRDA:111,5,0,6
BRDA:111,5,1,6
BRDA:111,5,2,6
BRDA:116,6,0,2
BRDA:116,6,1,4
BRDA:135,7,0,0
BRDA:135,7,1,6
BRF:17
BRH:10
end_of_record
